#
# There is insufficient memory for the Java Runtime Environment to continue.
# Native memory allocation (malloc) failed to allocate 1048576 bytes. Error detail: AllocateHeap
# Possible reasons:
#   The system is out of physical RAM or swap space
#   This process is running with CompressedOops enabled, and the Java Heap may be blocking the growth of the native heap
# Possible solutions:
#   Reduce memory load on the system
#   Increase physical memory or swap space
#   Check if swap backing store is full
#   Decrease Java heap size (-Xmx/-Xms)
#   Decrease number of Java threads
#   Decrease Java thread stack sizes (-Xss)
#   Set larger code cache with -XX:ReservedCodeCacheSize=
#   JVM is running with Unscaled Compressed Oops mode in which the Java heap is
#     placed in the first 4GB address space. The Java Heap base address is the
#     maximum limit for the native heap growth. Please use -XX:HeapBaseMinAddress
#     to set the Java Heap base and to place the Java Heap above 4GB virtual address.
# This output file may be truncated or incomplete.
#
#  Out of Memory Error (allocation.cpp:44), pid=7552, tid=20576
#
# JRE version: OpenJDK Runtime Environment Temurin-21.0.10+7 (21.0.10+7) (build 21.0.10+7-LTS)
# Java VM: OpenJDK 64-Bit Server VM Temurin-21.0.10+7 (21.0.10+7-LTS, mixed mode, sharing, tiered, compressed oops, compressed class ptrs, parallel gc, windows-amd64)
# No core dump will be written. Minidumps are not enabled by default on client versions of Windows
#

---------------  S U M M A R Y ------------

Command Line: --add-modules=ALL-SYSTEM --add-opens=java.base/java.util=ALL-UNNAMED --add-opens=java.base/java.lang=ALL-UNNAMED --add-opens=java.base/sun.nio.fs=ALL-UNNAMED -Declipse.application=org.eclipse.jdt.ls.core.id1 -Dosgi.bundles.defaultStartLevel=4 -Declipse.product=org.eclipse.jdt.ls.core.product -Djava.import.generatesMetadataFilesAtProjectRoot=false -DDetectVMInstallationsJob.disabled=true -Dfile.encoding=utf8 -XX:+UseParallelGC -XX:GCTimeRatio=4 -XX:AdaptiveSizePolicyWeight=90 -Dsun.zip.disableMemoryMapping=true -Xmx2G -Xms100m -Xlog:disable -javaagent:c:\Users\Asus\.antigravity\extensions\redhat.java-1.53.0-win32-x64\lombok\lombok-1.18.39-4050.jar -XX:+HeapDumpOnOutOfMemoryError -XX:HeapDumpPath=c:\Users\Asus\AppData\Roaming\Antigravity\User\workspaceStorage\08afbf4ab4e0fbca8228431a7a7c4e15\redhat.java -Daether.dependencyCollector.impl=bf c:\Users\Asus\.antigravity\extensions\redhat.java-1.53.0-win32-x64\server\plugins\org.eclipse.equinox.launcher_1.7.100.v20251111-0406.jar -configuration c:\Users\Asus\AppData\Roaming\Antigravity\User\globalStorage\redhat.java\1.53.0\config_win -data c:\Users\Asus\AppData\Roaming\Antigravity\User\workspaceStorage\08afbf4ab4e0fbca8228431a7a7c4e15\redhat.java\jdt_ws --pipe=\\.\pipe\lsp-dd71753865582bec065fa75d2a56e94a-sock

Host: 11th Gen Intel(R) Core(TM) i5-1135G7 @ 2.40GHz, 8 cores, 15G,  Windows 11 , 64 bit Build 26100 (10.0.26100.7920)
Time: Thu Apr  2 20:22:25 2026 India Standard Time elapsed time: 13478.052699 seconds (0d 3h 44m 38s)

---------------  T H R E A D  ---------------

Current thread (0x000001c93fee5350):  JavaThread "Attach Listener" daemon [_thread_in_vm, id=20576, stack(0x000000a053300000,0x000000a053400000) (1024K)]

Stack: [0x000000a053300000,0x000000a053400000]
Native frames: (J=compiled Java code, j=interpreted, Vv=VM code, C=native code)
V  [jvm.dll+0x6d7a39]
V  [jvm.dll+0x8b4b26]
V  [jvm.dll+0x8b70de]
V  [jvm.dll+0x8b77c3]
V  [jvm.dll+0x284346]
V  [jvm.dll+0xc1277]
V  [jvm.dll+0x6d82e9]
V  [jvm.dll+0x1334a6]
V  [jvm.dll+0x3f857e]
V  [jvm.dll+0x85f59d]
V  [jvm.dll+0x6d626d]
C  [ucrtbase.dll+0x37b0]
C  [KERNEL32.DLL+0x2e8d7]
C  [ntdll.dll+0x8c48c]


---------------  P R O C E S S  ---------------

Threads class SMR info:
_java_thread_list=0x000001c9a114d4c0, length=34, elements={
0x000001c93da58b60, 0x000001c940028d80, 0x000001c94002d2d0, 0x000001c93fee46f0,
0x000001c93fee5350, 0x000001c93feebe90, 0x000001c93feed460, 0x000001c93ff03cd0,
0x000001c93ff08ae0, 0x000001c9993bb1a0, 0x000001c9993ed6d0, 0x000001c999d04eb0,
0x000001c999ccd7c0, 0x000001c999ccde50, 0x000001c999cce4e0, 0x000001c999cceb70,
0x000001c999dc5dd0, 0x000001c999dc7180, 0x000001c999dc6af0, 0x000001c999dc7810,
0x000001c999dc6460, 0x000001c999dc8530, 0x000001c999dc7ea0, 0x000001c999dca600,
0x000001c999dc9f70, 0x000001c999dcac90, 0x000001c999dcb9b0, 0x000001c999dcb320,
0x000001c999dcc040, 0x000001c999dcc6d0, 0x000001c999dcd3f0, 0x000001c999dccd60,
0x000001c9a1548a50, 0x000001c9a15483c0
}

Java Threads: ( => current thread )
  0x000001c93da58b60 JavaThread "main"                              [_thread_blocked, id=20004, stack(0x000000a052c00000,0x000000a052d00000) (1024K)]
  0x000001c940028d80 JavaThread "Reference Handler"          daemon [_thread_blocked, id=9332, stack(0x000000a053000000,0x000000a053100000) (1024K)]
  0x000001c94002d2d0 JavaThread "Finalizer"                  daemon [_thread_blocked, id=20072, stack(0x000000a053100000,0x000000a053200000) (1024K)]
  0x000001c93fee46f0 JavaThread "Signal Dispatcher"          daemon [_thread_blocked, id=11132, stack(0x000000a053200000,0x000000a053300000) (1024K)]
=>0x000001c93fee5350 JavaThread "Attach Listener"            daemon [_thread_in_vm, id=20576, stack(0x000000a053300000,0x000000a053400000) (1024K)]
  0x000001c93feebe90 JavaThread "Service Thread"             daemon [_thread_blocked, id=19972, stack(0x000000a053400000,0x000000a053500000) (1024K)]
  0x000001c93feed460 JavaThread "Monitor Deflation Thread"   daemon [_thread_blocked, id=10180, stack(0x000000a053500000,0x000000a053600000) (1024K)]
  0x000001c93ff03cd0 JavaThread "C2 CompilerThread0"         daemon [_thread_blocked, id=21364, stack(0x000000a053600000,0x000000a053700000) (1024K)]
  0x000001c93ff08ae0 JavaThread "C1 CompilerThread0"         daemon [_thread_blocked, id=20504, stack(0x000000a053700000,0x000000a053800000) (1024K)]
  0x000001c9993bb1a0 JavaThread "Common-Cleaner"             daemon [_thread_blocked, id=9144, stack(0x000000a053800000,0x000000a053900000) (1024K)]
  0x000001c9993ed6d0 JavaThread "Notification Thread"        daemon [_thread_blocked, id=7484, stack(0x000000a053a00000,0x000000a053b00000) (1024K)]
  0x000001c999d04eb0 JavaThread "Active Thread: Equinox Container: 59fd9bf2-8abd-4935-9967-7905081de918"        [_thread_blocked, id=16416, stack(0x000000a054800000,0x000000a054900000) (1024K)]
  0x000001c999ccd7c0 JavaThread "Framework Event Dispatcher: Equinox Container: 59fd9bf2-8abd-4935-9967-7905081de918" daemon [_thread_blocked, id=18388, stack(0x000000a054900000,0x000000a054a00000) (1024K)]
  0x000001c999ccde50 JavaThread "Start Level: Equinox Container: 59fd9bf2-8abd-4935-9967-7905081de918" daemon [_thread_blocked, id=6904, stack(0x000000a054a00000,0x000000a054b00000) (1024K)]
  0x000001c999cce4e0 JavaThread "Bundle File Closer"         daemon [_thread_blocked, id=18556, stack(0x000000a054c00000,0x000000a054d00000) (1024K)]
  0x000001c999cceb70 JavaThread "Refresh Thread: Equinox Container: 59fd9bf2-8abd-4935-9967-7905081de918" daemon [_thread_blocked, id=20832, stack(0x000000a054d00000,0x000000a054e00000) (1024K)]
  0x000001c999dc5dd0 JavaThread "SCR Component Actor"        daemon [_thread_blocked, id=20844, stack(0x000000a053b00000,0x000000a053c00000) (1024K)]
  0x000001c999dc7180 JavaThread "Worker-JM"                         [_thread_blocked, id=4840, stack(0x000000a054200000,0x000000a054300000) (1024K)]
  0x000001c999dc6af0 JavaThread "JNA Cleaner"                daemon [_thread_blocked, id=9300, stack(0x000000a053900000,0x000000a053a00000) (1024K)]
  0x000001c999dc7810 JavaThread "Java indexing"              daemon [_thread_blocked, id=18384, stack(0x000000a054700000,0x000000a054800000) (1024K)]
  0x000001c999dc6460 JavaThread "Worker-2"                          [_thread_blocked, id=10544, stack(0x000000a055000000,0x000000a055100000) (1024K)]
  0x000001c999dc8530 JavaThread "Thread-1"                   daemon [_thread_in_native, id=17040, stack(0x000000a055200000,0x000000a055300000) (1024K)]
  0x000001c999dc7ea0 JavaThread "Thread-2"                   daemon [_thread_in_native, id=19800, stack(0x000000a055300000,0x000000a055400000) (1024K)]
  0x000001c999dca600 JavaThread "Thread-3"                   daemon [_thread_in_native, id=19548, stack(0x000000a055400000,0x000000a055500000) (1024K)]
  0x000001c999dc9f70 JavaThread "Thread-4"                   daemon [_thread_in_native, id=13104, stack(0x000000a055500000,0x000000a055600000) (1024K)]
  0x000001c999dcac90 JavaThread "Thread-5"                   daemon [_thread_in_native, id=20640, stack(0x000000a055600000,0x000000a055700000) (1024K)]
  0x000001c999dcb9b0 JavaThread "Thread-6"                   daemon [_thread_in_native, id=10132, stack(0x000000a055700000,0x000000a055800000) (1024K)]
  0x000001c999dcb320 JavaThread "Thread-7"                   daemon [_thread_in_native, id=20024, stack(0x000000a055800000,0x000000a055900000) (1024K)]
  0x000001c999dcc040 JavaThread "Thread-8"                   daemon [_thread_in_native, id=6176, stack(0x000000a055900000,0x000000a055a00000) (1024K)]
  0x000001c999dcc6d0 JavaThread "Thread-9"                   daemon [_thread_in_native, id=19788, stack(0x000000a055a00000,0x000000a055b00000) (1024K)]
  0x000001c999dcd3f0 JavaThread "pool-2-thread-1"                   [_thread_blocked, id=3908, stack(0x000000a055b00000,0x000000a055c00000) (1024K)]
  0x000001c999dccd60 JavaThread "Worker-4"                          [_thread_blocked, id=10092, stack(0x000000a055c00000,0x000000a055d00000) (1024K)]
  0x000001c9a1548a50 JavaThread "WorkspaceEventsHandler"            [_thread_blocked, id=20824, stack(0x000000a055e00000,0x000000a055f00000) (1024K)]
  0x000001c9a15483c0 JavaThread "pool-1-thread-1"                   [_thread_blocked, id=13860, stack(0x000000a055f00000,0x000000a056000000) (1024K)]
Total: 34

Other Threads:
  0x000001c94000e800 VMThread "VM Thread"                           [id=10864, stack(0x000000a052f00000,0x000000a053000000) (1024K)]
  0x000001c93ffd8120 WatcherThread "VM Periodic Task Thread"        [id=4688, stack(0x000000a052e00000,0x000000a052f00000) (1024K)]
  0x000001c93ff89450 WorkerThread "GC Thread#0"                     [id=348, stack(0x000000a052d00000,0x000000a052e00000) (1024K)]
  0x000001c99955ec40 WorkerThread "GC Thread#1"                     [id=20484, stack(0x000000a053c00000,0x000000a053d00000) (1024K)]
  0x000001c99955eff0 WorkerThread "GC Thread#2"                     [id=9668, stack(0x000000a053d00000,0x000000a053e00000) (1024K)]
  0x000001c999aa0210 WorkerThread "GC Thread#3"                     [id=10624, stack(0x000000a053e00000,0x000000a053f00000) (1024K)]
  0x000001c999aa05c0 WorkerThread "GC Thread#4"                     [id=19500, stack(0x000000a053f00000,0x000000a054000000) (1024K)]
  0x000001c999aa0970 WorkerThread "GC Thread#5"                     [id=16084, stack(0x000000a054000000,0x000000a054100000) (1024K)]
  0x000001c999a75970 WorkerThread "GC Thread#6"                     [id=12152, stack(0x000000a054100000,0x000000a054200000) (1024K)]
  0x000001c99e1a3b20 WorkerThread "GC Thread#7"                     [id=21496, stack(0x000000a054b00000,0x000000a054c00000) (1024K)]
Total: 10

Threads with active compile tasks:
Total: 0

VM state: not at safepoint (normal execution)

VM Mutex/Monitor currently owned by a thread: None

Heap address: 0x0000000080000000, size: 2048 MB, Compressed Oops mode: 32-bit

CDS archive(s) mapped at: [0x000001c957000000-0x000001c957ba0000-0x000001c957ba0000), size 12189696, SharedBaseAddress: 0x000001c957000000, ArchiveRelocationMode: 1.
Compressed class space mapped at: 0x000001c958000000-0x000001c998000000, reserved size: 1073741824
Narrow klass base: 0x000001c957000000, Narrow klass shift: 0, Narrow klass range: 0x100000000

GC Precious Log:
 CardTable entry size: 512
 CPUs: 8 total, 8 available
 Memory: 16078M
 Large Page Support: Disabled
 NUMA Support: Disabled
 Compressed Oops: Enabled (32-bit)
 Alignments: Space 512K, Generation 512K, Heap 2M
 Heap Min Capacity: 100M
 Heap Initial Capacity: 100M
 Heap Max Capacity: 2G
 Pre-touch: Disabled
 Parallel Workers: 8

Heap:
 PSYoungGen      total 8704K, used 4777K [0x00000000d5580000, 0x00000000d6100000, 0x0000000100000000)
  eden space 7680K, 49% used [0x00000000d5580000,0x00000000d59315f8,0x00000000d5d00000)
  from space 1024K, 97% used [0x00000000d5e00000,0x00000000d5ef8e58,0x00000000d5f00000)
  to   space 2048K, 0% used [0x00000000d5f00000,0x00000000d5f00000,0x00000000d6100000)
 ParOldGen       total 84992K, used 68128K [0x0000000080000000, 0x0000000085300000, 0x00000000d5580000)
  object space 84992K, 80% used [0x0000000080000000,0x0000000084288290,0x0000000085300000)
 Metaspace       used 64852K, committed 66176K, reserved 1114112K
  class space    used 6980K, committed 7552K, reserved 1048576K

Card table byte_map: [0x000001c93f910000,0x000001c93fd20000] _byte_map_base: 0x000001c93f510000

Marking Bits: (ParMarkBitMap*) 0x00007ffa10343450
 Begin Bits: [0x000001c952420000, 0x000001c954420000)
 End Bits:   [0x000001c954420000, 0x000001c956420000)

Polling page: 0x000001c93dd20000

Metaspace:

Usage:
  Non-class:     56.52 MB used.
      Class:      6.82 MB used.
       Both:     63.33 MB used.

Virtual space:
  Non-class space:       64.00 MB reserved,      57.25 MB ( 89%) committed,  1 nodes.
      Class space:        1.00 GB reserved,       7.38 MB ( <1%) committed,  1 nodes.
             Both:        1.06 GB reserved,      64.62 MB (  6%) committed. 

Chunk freelists:
   Non-Class:  6.77 MB
       Class:  8.45 MB
        Both:  15.22 MB

MaxMetaspaceSize: unlimited
CompressedClassSpaceSize: 1.00 GB
Initial GC threshold: 21.00 MB
Current GC threshold: 97.31 MB
CDS: on
 - commit_granule_bytes: 65536.
 - commit_granule_words: 8192.
 - virtual_space_node_default_size: 8388608.
 - enlarge_chunks_in_place: 1.
 - use_allocation_guard: 0.


Internal statistics:

num_allocs_failed_limit: 11.
num_arena_births: 1112.
num_arena_deaths: 22.
num_vsnodes_births: 2.
num_vsnodes_deaths: 0.
num_space_committed: 1034.
num_space_uncommitted: 0.
num_chunks_returned_to_freelist: 37.
num_chunks_taken_from_freelist: 3884.
num_chunk_merges: 14.
num_chunk_splits: 2421.
num_chunks_enlarged: 1407.
num_inconsistent_stats: 0.

CodeHeap 'non-profiled nmethods': size=120000Kb used=7562Kb max_used=7562Kb free=112437Kb
 bounds [0x000001c94ac40000, 0x000001c94b3b0000, 0x000001c952170000]
CodeHeap 'profiled nmethods': size=120000Kb used=23922Kb max_used=23922Kb free=96077Kb
 bounds [0x000001c943170000, 0x000001c9448d0000, 0x000001c94a6a0000]
CodeHeap 'non-nmethods': size=5760Kb used=1457Kb max_used=1520Kb free=4302Kb
 bounds [0x000001c94a6a0000, 0x000001c94a910000, 0x000001c94ac40000]
CodeCache: size=245760Kb, used=32941Kb, max_used=33004Kb, free=212816Kb
 total_blobs=11420, nmethods=10662, adapters=664, full_count=0
Compilation: enabled, stopped_count=0, restarted_count=0

Compilation events (20 events):
Event: 13349.328 Thread 0x000001c93ff08ae0 11580       3       java.util.LinkedList::removeFirst (23 bytes)
Event: 13349.328 Thread 0x000001c93ff08ae0 nmethod 11580 0x000001c9448ca290 code [0x000001c9448ca460, 0x000001c9448ca6b0]
Event: 13349.328 Thread 0x000001c93ff08ae0 11576       3       org.eclipse.core.internal.dtree.DataDeltaNode::asBackwardDelta (96 bytes)
Event: 13349.329 Thread 0x000001c93ff08ae0 nmethod 11576 0x000001c9448ca790 code [0x000001c9448ca9c0, 0x000001c9448cb2c0]
Event: 13349.329 Thread 0x000001c93ff08ae0 11577       3       java.net.URI::decode (6 bytes)
Event: 13349.329 Thread 0x000001c93ff08ae0 nmethod 11577 0x000001c9448cb690 code [0x000001c9448cb840, 0x000001c9448cb960]
Event: 13349.329 Thread 0x000001c93ff08ae0 11578       1       org.eclipse.core.runtime.spi.RegistryContributor::getId (5 bytes)
Event: 13349.329 Thread 0x000001c93ff08ae0 nmethod 11578 0x000001c94b3a1890 code [0x000001c94b3a1a20, 0x000001c94b3a1ae8]
Event: 13349.329 Thread 0x000001c93ff08ae0 11579       1       org.eclipse.core.internal.resources.FilterDescription::getType (5 bytes)
Event: 13349.329 Thread 0x000001c93ff08ae0 nmethod 11579 0x000001c94b3a1b90 code [0x000001c94b3a1d20, 0x000001c94b3a1de8]
Event: 13349.426 Thread 0x000001c93ff08ae0 11581       3       sun.security.provider.SHA2::implReset (20 bytes)
Event: 13349.427 Thread 0x000001c93ff08ae0 nmethod 11581 0x000001c9448cba10 code [0x000001c9448cbbc0, 0x000001c9448cbd78]
Event: 13349.428 Thread 0x000001c93ff08ae0 11582       3       java.util.Formatter::<init> (18 bytes)
Event: 13349.430 Thread 0x000001c93ff08ae0 nmethod 11582 0x000001c9448cbe10 code [0x000001c9448cbfe0, 0x000001c9448cc328]
Event: 13349.430 Thread 0x000001c93ff08ae0 11583       3       java.util.Formatter::<init> (15 bytes)
Event: 13349.430 Thread 0x000001c93ff08ae0 nmethod 11583 0x000001c9448cc490 code [0x000001c9448cc640, 0x000001c9448cc7d8]
Event: 13349.430 Thread 0x000001c93ff08ae0 11584       3       java.util.Formatter::format (11 bytes)
Event: 13349.431 Thread 0x000001c93ff08ae0 nmethod 11584 0x000001c9448cc890 code [0x000001c9448cca40, 0x000001c9448ccb90]
Event: 13403.416 Thread 0x000001c93ff03cd0 11585       4       org.eclipse.osgi.container.ModuleDatabase::readLock (11 bytes)
Event: 13403.423 Thread 0x000001c93ff03cd0 nmethod 11585 0x000001c94b3a1e90 code [0x000001c94b3a2080, 0x000001c94b3a24e8]

GC Heap History (20 events):
Event: 7131.606 GC heap before
{Heap before GC invocations=141 (full 3):
 PSYoungGen      total 8704K, used 8147K [0x00000000d5580000, 0x00000000d5f80000, 0x0000000100000000)
  eden space 7680K, 100% used [0x00000000d5580000,0x00000000d5d00000,0x00000000d5d00000)
  from space 1024K, 45% used [0x00000000d5d80000,0x00000000d5df4db0,0x00000000d5e80000)
  to   space 512K, 0% used [0x00000000d5f00000,0x00000000d5f00000,0x00000000d5f80000)
 ParOldGen       total 84992K, used 61672K [0x0000000080000000, 0x0000000085300000, 0x00000000d5580000)
  object space 84992K, 72% used [0x0000000080000000,0x0000000083c3a1e8,0x0000000085300000)
 Metaspace       used 63456K, committed 64832K, reserved 1114112K
  class space    used 6839K, committed 7424K, reserved 1048576K
}
Event: 7131.609 GC heap after
{Heap after GC invocations=141 (full 3):
 PSYoungGen      total 8192K, used 491K [0x00000000d5580000, 0x00000000d5f80000, 0x0000000100000000)
  eden space 7680K, 0% used [0x00000000d5580000,0x00000000d5580000,0x00000000d5d00000)
  from space 512K, 95% used [0x00000000d5f00000,0x00000000d5f7ac08,0x00000000d5f80000)
  to   space 1024K, 0% used [0x00000000d5d80000,0x00000000d5d80000,0x00000000d5e80000)
 ParOldGen       total 84992K, used 62054K [0x0000000080000000, 0x0000000085300000, 0x00000000d5580000)
  object space 84992K, 73% used [0x0000000080000000,0x0000000083c99ae8,0x0000000085300000)
 Metaspace       used 63456K, committed 64832K, reserved 1114112K
  class space    used 6839K, committed 7424K, reserved 1048576K
}
Event: 7131.663 GC heap before
{Heap before GC invocations=142 (full 3):
 PSYoungGen      total 8192K, used 8171K [0x00000000d5580000, 0x00000000d5f80000, 0x0000000100000000)
  eden space 7680K, 100% used [0x00000000d5580000,0x00000000d5d00000,0x00000000d5d00000)
  from space 512K, 95% used [0x00000000d5f00000,0x00000000d5f7ac08,0x00000000d5f80000)
  to   space 1024K, 0% used [0x00000000d5d80000,0x00000000d5d80000,0x00000000d5e80000)
 ParOldGen       total 84992K, used 62054K [0x0000000080000000, 0x0000000085300000, 0x00000000d5580000)
  object space 84992K, 73% used [0x0000000080000000,0x0000000083c99ae8,0x0000000085300000)
 Metaspace       used 63461K, committed 64832K, reserved 1114112K
  class space    used 6839K, committed 7424K, reserved 1048576K
}
Event: 7131.666 GC heap after
{Heap after GC invocations=142 (full 3):
 PSYoungGen      total 8704K, used 480K [0x00000000d5580000, 0x00000000d5f80000, 0x0000000100000000)
  eden space 7680K, 0% used [0x00000000d5580000,0x00000000d5580000,0x00000000d5d00000)
  from space 1024K, 46% used [0x00000000d5d80000,0x00000000d5df8270,0x00000000d5e80000)
  to   space 1024K, 0% used [0x00000000d5e80000,0x00000000d5e80000,0x00000000d5f80000)
 ParOldGen       total 84992K, used 62460K [0x0000000080000000, 0x0000000085300000, 0x00000000d5580000)
  object space 84992K, 73% used [0x0000000080000000,0x0000000083cff118,0x0000000085300000)
 Metaspace       used 63461K, committed 64832K, reserved 1114112K
  class space    used 6839K, committed 7424K, reserved 1048576K
}
Event: 7131.715 GC heap before
{Heap before GC invocations=143 (full 3):
 PSYoungGen      total 8704K, used 8160K [0x00000000d5580000, 0x00000000d5f80000, 0x0000000100000000)
  eden space 7680K, 100% used [0x00000000d5580000,0x00000000d5d00000,0x00000000d5d00000)
  from space 1024K, 46% used [0x00000000d5d80000,0x00000000d5df8270,0x00000000d5e80000)
  to   space 1024K, 0% used [0x00000000d5e80000,0x00000000d5e80000,0x00000000d5f80000)
 ParOldGen       total 84992K, used 62460K [0x0000000080000000, 0x0000000085300000, 0x00000000d5580000)
  object space 84992K, 73% used [0x0000000080000000,0x0000000083cff118,0x0000000085300000)
 Metaspace       used 63461K, committed 64832K, reserved 1114112K
  class space    used 6839K, committed 7424K, reserved 1048576K
}
Event: 7131.719 GC heap after
{Heap after GC invocations=143 (full 3):
 PSYoungGen      total 8704K, used 618K [0x00000000d5580000, 0x00000000d5f80000, 0x0000000100000000)
  eden space 7680K, 0% used [0x00000000d5580000,0x00000000d5580000,0x00000000d5d00000)
  from space 1024K, 60% used [0x00000000d5e80000,0x00000000d5f1a930,0x00000000d5f80000)
  to   space 1024K, 0% used [0x00000000d5d80000,0x00000000d5d80000,0x00000000d5e80000)
 ParOldGen       total 84992K, used 62815K [0x0000000080000000, 0x0000000085300000, 0x00000000d5580000)
  object space 84992K, 73% used [0x0000000080000000,0x0000000083d57e18,0x0000000085300000)
 Metaspace       used 63461K, committed 64832K, reserved 1114112K
  class space    used 6839K, committed 7424K, reserved 1048576K
}
Event: 7131.857 GC heap before
{Heap before GC invocations=144 (full 3):
 PSYoungGen      total 8704K, used 8298K [0x00000000d5580000, 0x00000000d5f80000, 0x0000000100000000)
  eden space 7680K, 100% used [0x00000000d5580000,0x00000000d5d00000,0x00000000d5d00000)
  from space 1024K, 60% used [0x00000000d5e80000,0x00000000d5f1a930,0x00000000d5f80000)
  to   space 1024K, 0% used [0x00000000d5d80000,0x00000000d5d80000,0x00000000d5e80000)
 ParOldGen       total 84992K, used 62815K [0x0000000080000000, 0x0000000085300000, 0x00000000d5580000)
  object space 84992K, 73% used [0x0000000080000000,0x0000000083d57e18,0x0000000085300000)
 Metaspace       used 63468K, committed 64832K, reserved 1114112K
  class space    used 6839K, committed 7424K, reserved 1048576K
}
Event: 7131.865 GC heap after
{Heap after GC invocations=144 (full 3):
 PSYoungGen      total 8704K, used 1007K [0x00000000d5580000, 0x00000000d6300000, 0x0000000100000000)
  eden space 7680K, 0% used [0x00000000d5580000,0x00000000d5580000,0x00000000d5d00000)
  from space 1024K, 98% used [0x00000000d5d80000,0x00000000d5e7bd70,0x00000000d5e80000)
  to   space 3072K, 0% used [0x00000000d6000000,0x00000000d6000000,0x00000000d6300000)
 ParOldGen       total 84992K, used 64479K [0x0000000080000000, 0x0000000085300000, 0x00000000d5580000)
  object space 84992K, 75% used [0x0000000080000000,0x0000000083ef7f48,0x0000000085300000)
 Metaspace       used 63468K, committed 64832K, reserved 1114112K
  class space    used 6839K, committed 7424K, reserved 1048576K
}
Event: 7131.955 GC heap before
{Heap before GC invocations=145 (full 3):
 PSYoungGen      total 8704K, used 8687K [0x00000000d5580000, 0x00000000d6300000, 0x0000000100000000)
  eden space 7680K, 100% used [0x00000000d5580000,0x00000000d5d00000,0x00000000d5d00000)
  from space 1024K, 98% used [0x00000000d5d80000,0x00000000d5e7bd70,0x00000000d5e80000)
  to   space 3072K, 0% used [0x00000000d6000000,0x00000000d6000000,0x00000000d6300000)
 ParOldGen       total 84992K, used 64479K [0x0000000080000000, 0x0000000085300000, 0x00000000d5580000)
  object space 84992K, 75% used [0x0000000080000000,0x0000000083ef7f48,0x0000000085300000)
 Metaspace       used 63469K, committed 64832K, reserved 1114112K
  class space    used 6839K, committed 7424K, reserved 1048576K
}
Event: 7131.961 GC heap after
{Heap after GC invocations=145 (full 3):
 PSYoungGen      total 8704K, used 535K [0x00000000d5580000, 0x00000000d6100000, 0x0000000100000000)
  eden space 7680K, 0% used [0x00000000d5580000,0x00000000d5580000,0x00000000d5d00000)
  from space 1024K, 52% used [0x00000000d6000000,0x00000000d6085de0,0x00000000d6100000)
  to   space 1536K, 0% used [0x00000000d5e00000,0x00000000d5e00000,0x00000000d5f80000)
 ParOldGen       total 84992K, used 65510K [0x0000000080000000, 0x0000000085300000, 0x00000000d5580000)
  object space 84992K, 77% used [0x0000000080000000,0x0000000083ff9ac0,0x0000000085300000)
 Metaspace       used 63469K, committed 64832K, reserved 1114112K
  class space    used 6839K, committed 7424K, reserved 1048576K
}
Event: 7132.031 GC heap before
{Heap before GC invocations=146 (full 3):
 PSYoungGen      total 8704K, used 8215K [0x00000000d5580000, 0x00000000d6100000, 0x0000000100000000)
  eden space 7680K, 100% used [0x00000000d5580000,0x00000000d5d00000,0x00000000d5d00000)
  from space 1024K, 52% used [0x00000000d6000000,0x00000000d6085de0,0x00000000d6100000)
  to   space 1536K, 0% used [0x00000000d5e00000,0x00000000d5e00000,0x00000000d5f80000)
 ParOldGen       total 84992K, used 65510K [0x0000000080000000, 0x0000000085300000, 0x00000000d5580000)
  object space 84992K, 77% used [0x0000000080000000,0x0000000083ff9ac0,0x0000000085300000)
 Metaspace       used 63471K, committed 64832K, reserved 1114112K
  class space    used 6839K, committed 7424K, reserved 1048576K
}
Event: 7132.042 GC heap after
{Heap after GC invocations=146 (full 3):
 PSYoungGen      total 9216K, used 550K [0x00000000d5580000, 0x00000000d6080000, 0x0000000100000000)
  eden space 7680K, 0% used [0x00000000d5580000,0x00000000d5580000,0x00000000d5d00000)
  from space 1536K, 35% used [0x00000000d5e00000,0x00000000d5e898e0,0x00000000d5f80000)
  to   space 1024K, 0% used [0x00000000d5f80000,0x00000000d5f80000,0x00000000d6080000)
 ParOldGen       total 84992K, used 65919K [0x0000000080000000, 0x0000000085300000, 0x00000000d5580000)
  object space 84992K, 77% used [0x0000000080000000,0x000000008405ffe8,0x0000000085300000)
 Metaspace       used 63471K, committed 64832K, reserved 1114112K
  class space    used 6839K, committed 7424K, reserved 1048576K
}
Event: 7132.125 GC heap before
{Heap before GC invocations=147 (full 3):
 PSYoungGen      total 9216K, used 8230K [0x00000000d5580000, 0x00000000d6080000, 0x0000000100000000)
  eden space 7680K, 100% used [0x00000000d5580000,0x00000000d5d00000,0x00000000d5d00000)
  from space 1536K, 35% used [0x00000000d5e00000,0x00000000d5e898e0,0x00000000d5f80000)
  to   space 1024K, 0% used [0x00000000d5f80000,0x00000000d5f80000,0x00000000d6080000)
 ParOldGen       total 84992K, used 65919K [0x0000000080000000, 0x0000000085300000, 0x00000000d5580000)
  object space 84992K, 77% used [0x0000000080000000,0x000000008405ffe8,0x0000000085300000)
 Metaspace       used 63578K, committed 64960K, reserved 1114112K
  class space    used 6846K, committed 7424K, reserved 1048576K
}
Event: 7132.128 GC heap after
{Heap after GC invocations=147 (full 3):
 PSYoungGen      total 8192K, used 497K [0x00000000d5580000, 0x00000000d6000000, 0x0000000100000000)
  eden space 7680K, 0% used [0x00000000d5580000,0x00000000d5580000,0x00000000d5d00000)
  from space 512K, 97% used [0x00000000d5f80000,0x00000000d5ffc7d0,0x00000000d6000000)
  to   space 1024K, 0% used [0x00000000d5e00000,0x00000000d5e00000,0x00000000d5f00000)
 ParOldGen       total 84992K, used 66295K [0x0000000080000000, 0x0000000085300000, 0x00000000d5580000)
  object space 84992K, 78% used [0x0000000080000000,0x00000000840bde80,0x0000000085300000)
 Metaspace       used 63578K, committed 64960K, reserved 1114112K
  class space    used 6846K, committed 7424K, reserved 1048576K
}
Event: 7132.181 GC heap before
{Heap before GC invocations=148 (full 3):
 PSYoungGen      total 8192K, used 8177K [0x00000000d5580000, 0x00000000d6000000, 0x0000000100000000)
  eden space 7680K, 100% used [0x00000000d5580000,0x00000000d5d00000,0x00000000d5d00000)
  from space 512K, 97% used [0x00000000d5f80000,0x00000000d5ffc7d0,0x00000000d6000000)
  to   space 1024K, 0% used [0x00000000d5e00000,0x00000000d5e00000,0x00000000d5f00000)
 ParOldGen       total 84992K, used 66295K [0x0000000080000000, 0x0000000085300000, 0x00000000d5580000)
  object space 84992K, 78% used [0x0000000080000000,0x00000000840bde80,0x0000000085300000)
 Metaspace       used 63606K, committed 64960K, reserved 1114112K
  class space    used 6850K, committed 7424K, reserved 1048576K
}
Event: 7132.185 GC heap after
{Heap after GC invocations=148 (full 3):
 PSYoungGen      total 8704K, used 1024K [0x00000000d5580000, 0x00000000d6100000, 0x0000000100000000)
  eden space 7680K, 0% used [0x00000000d5580000,0x00000000d5580000,0x00000000d5d00000)
  from space 1024K, 100% used [0x00000000d5e00000,0x00000000d5f00000,0x00000000d5f00000)
  to   space 2048K, 0% used [0x00000000d5f00000,0x00000000d5f00000,0x00000000d6100000)
 ParOldGen       total 84992K, used 66698K [0x0000000080000000, 0x0000000085300000, 0x00000000d5580000)
  object space 84992K, 78% used [0x0000000080000000,0x0000000084122940,0x0000000085300000)
 Metaspace       used 63606K, committed 64960K, reserved 1114112K
  class space    used 6850K, committed 7424K, reserved 1048576K
}
Event: 7132.240 GC heap before
{Heap before GC invocations=149 (full 3):
 PSYoungGen      total 8704K, used 8704K [0x00000000d5580000, 0x00000000d6100000, 0x0000000100000000)
  eden space 7680K, 100% used [0x00000000d5580000,0x00000000d5d00000,0x00000000d5d00000)
  from space 1024K, 100% used [0x00000000d5e00000,0x00000000d5f00000,0x00000000d5f00000)
  to   space 2048K, 0% used [0x00000000d5f00000,0x00000000d5f00000,0x00000000d6100000)
 ParOldGen       total 84992K, used 66698K [0x0000000080000000, 0x0000000085300000, 0x00000000d5580000)
  object space 84992K, 78% used [0x0000000080000000,0x0000000084122940,0x0000000085300000)
 Metaspace       used 63609K, committed 64960K, reserved 1114112K
  class space    used 6850K, committed 7424K, reserved 1048576K
}
Event: 7132.244 GC heap after
{Heap after GC invocations=149 (full 3):
 PSYoungGen      total 8704K, used 576K [0x00000000d5580000, 0x00000000d6000000, 0x0000000100000000)
  eden space 7680K, 0% used [0x00000000d5580000,0x00000000d5580000,0x00000000d5d00000)
  from space 1024K, 56% used [0x00000000d5f00000,0x00000000d5f90000,0x00000000d6000000)
  to   space 1024K, 0% used [0x00000000d5e00000,0x00000000d5e00000,0x00000000d5f00000)
 ParOldGen       total 84992K, used 67610K [0x0000000080000000, 0x0000000085300000, 0x00000000d5580000)
  object space 84992K, 79% used [0x0000000080000000,0x0000000084206950,0x0000000085300000)
 Metaspace       used 63609K, committed 64960K, reserved 1114112K
  class space    used 6850K, committed 7424K, reserved 1048576K
}
Event: 7132.674 GC heap before
{Heap before GC invocations=150 (full 3):
 PSYoungGen      total 8704K, used 8256K [0x00000000d5580000, 0x00000000d6000000, 0x0000000100000000)
  eden space 7680K, 100% used [0x00000000d5580000,0x00000000d5d00000,0x00000000d5d00000)
  from space 1024K, 56% used [0x00000000d5f00000,0x00000000d5f90000,0x00000000d6000000)
  to   space 1024K, 0% used [0x00000000d5e00000,0x00000000d5e00000,0x00000000d5f00000)
 ParOldGen       total 84992K, used 67610K [0x0000000080000000, 0x0000000085300000, 0x00000000d5580000)
  object space 84992K, 79% used [0x0000000080000000,0x0000000084206950,0x0000000085300000)
 Metaspace       used 64482K, committed 65856K, reserved 1114112K
  class space    used 6953K, committed 7552K, reserved 1048576K
}
Event: 7132.677 GC heap after
{Heap after GC invocations=150 (full 3):
 PSYoungGen      total 8704K, used 995K [0x00000000d5580000, 0x00000000d6100000, 0x0000000100000000)
  eden space 7680K, 0% used [0x00000000d5580000,0x00000000d5580000,0x00000000d5d00000)
  from space 1024K, 97% used [0x00000000d5e00000,0x00000000d5ef8e58,0x00000000d5f00000)
  to   space 2048K, 0% used [0x00000000d5f00000,0x00000000d5f00000,0x00000000d6100000)
 ParOldGen       total 84992K, used 68128K [0x0000000080000000, 0x0000000085300000, 0x00000000d5580000)
  object space 84992K, 80% used [0x0000000080000000,0x0000000084288290,0x0000000085300000)
 Metaspace       used 64482K, committed 65856K, reserved 1114112K
  class space    used 6953K, committed 7552K, reserved 1048576K
}

Dll operation events (12 events):
Event: 0.009 Loaded shared library c:\Users\Asus\.antigravity\extensions\redhat.java-1.53.0-win32-x64\jre\21.0.10-win32-x86_64\bin\java.dll
Event: 0.068 Loaded shared library c:\Users\Asus\.antigravity\extensions\redhat.java-1.53.0-win32-x64\jre\21.0.10-win32-x86_64\bin\zip.dll
Event: 0.084 Loaded shared library C:\Users\Asus\.antigravity\extensions\redhat.java-1.53.0-win32-x64\jre\21.0.10-win32-x86_64\bin\instrument.dll
Event: 0.090 Loaded shared library C:\Users\Asus\.antigravity\extensions\redhat.java-1.53.0-win32-x64\jre\21.0.10-win32-x86_64\bin\net.dll
Event: 0.095 Loaded shared library C:\Users\Asus\.antigravity\extensions\redhat.java-1.53.0-win32-x64\jre\21.0.10-win32-x86_64\bin\nio.dll
Event: 0.098 Loaded shared library C:\Users\Asus\.antigravity\extensions\redhat.java-1.53.0-win32-x64\jre\21.0.10-win32-x86_64\bin\zip.dll
Event: 0.114 Loaded shared library C:\Users\Asus\.antigravity\extensions\redhat.java-1.53.0-win32-x64\jre\21.0.10-win32-x86_64\bin\jimage.dll
Event: 0.179 Loaded shared library c:\Users\Asus\.antigravity\extensions\redhat.java-1.53.0-win32-x64\jre\21.0.10-win32-x86_64\bin\verify.dll
Event: 1.778 Loaded shared library C:\Users\Asus\AppData\Roaming\Antigravity\User\globalStorage\redhat.java\1.53.0\config_win\org.eclipse.equinox.launcher\org.eclipse.equinox.launcher.win32.win32.x86_64_1.3.0.v20260203-2149\eclipse_11919.dll
Event: 15.521 Loaded shared library C:\Users\Asus\AppData\Local\Temp\jna-2050672\jna3137399635122457929.dll
Event: 17.202 Loaded shared library C:\Users\Asus\.antigravity\extensions\redhat.java-1.53.0-win32-x64\jre\21.0.10-win32-x86_64\bin\sunmscapi.dll
Event: 17.307 Loaded shared library C:\Users\Asus\.antigravity\extensions\redhat.java-1.53.0-win32-x64\jre\21.0.10-win32-x86_64\bin\extnet.dll

Deoptimization events (20 events):
Event: 7132.778 Thread 0x000001c9a11c5ae0 Uncommon trap: trap_request=0xffffffbe fr.pc=0x000001c94b382428 relative=0x0000000000000188
Event: 7132.778 Thread 0x000001c9a11c5ae0 Uncommon trap: reason=profile_predicate action=maybe_recompile pc=0x000001c94b382428 method=java.util.HashMap.keysToArray([Ljava/lang/Object;)[Ljava/lang/Object; @ 36 c2
Event: 7132.778 Thread 0x000001c9a11c5ae0 DEOPT PACKING pc=0x000001c94b382428 sp=0x000000a0529fdc30
Event: 7132.778 Thread 0x000001c9a11c5ae0 DEOPT UNPACKING pc=0x000001c94a6f6da2 sp=0x000000a0529fdbb0 mode 2
Event: 7132.780 Thread 0x000001c9a11c5ae0 Uncommon trap: trap_request=0xffffffbe fr.pc=0x000001c94b382428 relative=0x0000000000000188
Event: 7132.780 Thread 0x000001c9a11c5ae0 Uncommon trap: reason=profile_predicate action=maybe_recompile pc=0x000001c94b382428 method=java.util.HashMap.keysToArray([Ljava/lang/Object;)[Ljava/lang/Object; @ 36 c2
Event: 7132.780 Thread 0x000001c9a11c5ae0 DEOPT PACKING pc=0x000001c94b382428 sp=0x000000a0529fd760
Event: 7132.780 Thread 0x000001c9a11c5ae0 DEOPT UNPACKING pc=0x000001c94a6f6da2 sp=0x000000a0529fd6e0 mode 2
Event: 7132.785 Thread 0x000001c9a11c5ae0 Uncommon trap: trap_request=0xfffffff4 fr.pc=0x000001c94b330bd0 relative=0x0000000000000770
Event: 7132.785 Thread 0x000001c9a11c5ae0 Uncommon trap: reason=null_check action=make_not_entrant pc=0x000001c94b330bd0 method=lombok.core.configuration.FileSystemSourceCache.ensureContent(Llombok/core/configuration/ConfigurationFile;)Llombok/core/configuration/FileSystemSourceCache$Content; @ 1
Event: 7132.785 Thread 0x000001c9a11c5ae0 DEOPT PACKING pc=0x000001c94b330bd0 sp=0x000000a0529fd390
Event: 7132.786 Thread 0x000001c9a11c5ae0 DEOPT UNPACKING pc=0x000001c94a6f6da2 sp=0x000000a0529fd2d8 mode 2
Event: 7132.786 Thread 0x000001c9a11c5ae0 Uncommon trap: trap_request=0xffffff45 fr.pc=0x000001c94aeb5b14 relative=0x00000000000000d4
Event: 7132.786 Thread 0x000001c9a11c5ae0 Uncommon trap: reason=unstable_if action=reinterpret pc=0x000001c94aeb5b14 method=lombok.core.configuration.ConfigurationFile$RegularConfigurationFile.parent()Llombok/core/configuration/ConfigurationFile; @ 20 c2
Event: 7132.786 Thread 0x000001c9a11c5ae0 DEOPT PACKING pc=0x000001c94aeb5b14 sp=0x000000a0529fd3e0
Event: 7132.786 Thread 0x000001c9a11c5ae0 DEOPT UNPACKING pc=0x000001c94a6f6da2 sp=0x000000a0529fd378 mode 2
Event: 7132.786 Thread 0x000001c9a11c5ae0 Uncommon trap: trap_request=0xfffffff4 fr.pc=0x000001c94aeb6514 relative=0x00000000000005d4
Event: 7132.786 Thread 0x000001c9a11c5ae0 Uncommon trap: reason=null_check action=make_not_entrant pc=0x000001c94aeb6514 method=lombok.core.configuration.FileSystemSourceCache.ensureContent(Llombok/core/configuration/ConfigurationFile;)Llombok/core/configuration/FileSystemSourceCache$Content; @ 1
Event: 7132.786 Thread 0x000001c9a11c5ae0 DEOPT PACKING pc=0x000001c94aeb6514 sp=0x000000a0529fd310
Event: 7132.786 Thread 0x000001c9a11c5ae0 DEOPT UNPACKING pc=0x000001c94a6f6da2 sp=0x000000a0529fd2c8 mode 2

Classes loaded (20 events):
Event: 7125.731 Loading class java/util/stream/DistinctOps
Event: 7125.764 Loading class java/util/stream/DistinctOps done
Event: 7125.772 Loading class java/util/stream/DistinctOps$1
Event: 7125.846 Loading class java/util/stream/DistinctOps$1 done
Event: 7126.107 Loading class java/util/stream/DistinctOps$1$2
Event: 7126.114 Loading class java/util/stream/DistinctOps$1$2 done
Event: 7132.557 Loading class java/util/stream/ReduceOps$4
Event: 7132.558 Loading class java/util/stream/ReduceOps$4 done
Event: 7132.559 Loading class java/util/stream/ReduceOps$4ReducingSink
Event: 7132.560 Loading class java/util/stream/ReduceOps$4ReducingSink done
Event: 7132.564 Loading class java/nio/file/Files$2
Event: 7132.565 Loading class java/nio/file/Files$2 done
Event: 13342.097 Loading class java/util/AbstractList$RandomAccessSubList
Event: 13342.099 Loading class java/util/AbstractList$SubList
Event: 13342.101 Loading class java/util/AbstractList$SubList done
Event: 13342.101 Loading class java/util/AbstractList$RandomAccessSubList done
Event: 13342.102 Loading class java/util/AbstractList$SubList$1
Event: 13342.102 Loading class java/util/AbstractList$SubList$1 done
Event: 13342.133 Loading class java/util/ImmutableCollections$SubList
Event: 13342.135 Loading class java/util/ImmutableCollections$SubList done

Classes unloaded (11 events):
Event: 15.914 Thread 0x000001c94000e800 Unloading class 0x000001c9581b4800 'java/lang/invoke/LambdaForm$MH+0x000001c9581b4800'
Event: 15.914 Thread 0x000001c94000e800 Unloading class 0x000001c9581b4400 'java/lang/invoke/LambdaForm$MH+0x000001c9581b4400'
Event: 15.914 Thread 0x000001c94000e800 Unloading class 0x000001c9581b4000 'java/lang/invoke/LambdaForm$MH+0x000001c9581b4000'
Event: 15.914 Thread 0x000001c94000e800 Unloading class 0x000001c9581b3c00 'java/lang/invoke/LambdaForm$MH+0x000001c9581b3c00'
Event: 15.914 Thread 0x000001c94000e800 Unloading class 0x000001c9581b3800 'java/lang/invoke/LambdaForm$BMH+0x000001c9581b3800'
Event: 15.914 Thread 0x000001c94000e800 Unloading class 0x000001c9581b3400 'java/lang/invoke/LambdaForm$DMH+0x000001c9581b3400'
Event: 15.914 Thread 0x000001c94000e800 Unloading class 0x000001c9581b2000 'java/lang/invoke/LambdaForm$DMH+0x000001c9581b2000'
Event: 39.047 Thread 0x000001c94000e800 Unloading class 0x000001c9586b0c00 'java/lang/invoke/LambdaForm$DMH+0x000001c9586b0c00'
Event: 39.047 Thread 0x000001c94000e800 Unloading class 0x000001c9586b0800 'java/lang/invoke/LambdaForm$DMH+0x000001c9586b0800'
Event: 39.047 Thread 0x000001c94000e800 Unloading class 0x000001c9586b0400 'java/lang/invoke/LambdaForm$DMH+0x000001c9586b0400'
Event: 39.047 Thread 0x000001c94000e800 Unloading class 0x000001c9586b0000 'java/lang/invoke/LambdaForm$DMH+0x000001c9586b0000'

Classes redefined (0 events):
No events

Internal exceptions (20 events):
Event: 35.148 Thread 0x000001c9a15490e0 Exception <a 'sun/nio/fs/WindowsException'{0x00000000d58cb678}> (0x00000000d58cb678) 
thrown [s\src\hotspot\share\prims\jni.cpp, line 520]
Event: 35.149 Thread 0x000001c9a15490e0 Exception <a 'sun/nio/fs/WindowsException'{0x00000000d58e2f50}> (0x00000000d58e2f50) 
thrown [s\src\hotspot\share\prims\jni.cpp, line 520]
Event: 35.149 Thread 0x000001c9a15490e0 Exception <a 'sun/nio/fs/WindowsException'{0x00000000d58e3830}> (0x00000000d58e3830) 
thrown [s\src\hotspot\share\prims\jni.cpp, line 520]
Event: 35.152 Thread 0x000001c9a15490e0 Exception <a 'sun/nio/fs/WindowsException'{0x00000000d5988c68}> (0x00000000d5988c68) 
thrown [s\src\hotspot\share\prims\jni.cpp, line 520]
Event: 35.152 Thread 0x000001c9a15490e0 Exception <a 'sun/nio/fs/WindowsException'{0x00000000d59897c0}> (0x00000000d59897c0) 
thrown [s\src\hotspot\share\prims\jni.cpp, line 520]
Event: 35.334 Thread 0x000001c999dc8bc0 Implicit null exception at 0x000001c94b0e2006 to 0x000001c94b0e2131
Event: 35.458 Thread 0x000001c999dc8bc0 Implicit null exception at 0x000001c94b2bc880 to 0x000001c94b2c21d8
Event: 35.459 Thread 0x000001c999dc8bc0 Implicit null exception at 0x000001c94b0a87a1 to 0x000001c94b0a8ab4
Event: 35.468 Thread 0x000001c999dc8bc0 Implicit null exception at 0x000001c94b2b5c86 to 0x000001c94b2b5d90
Event: 39.216 Thread 0x000001c999dc8bc0 Exception <a 'java/lang/NoSuchMethodError'{0x00000000d5c099c8}: 'java.lang.Object java.lang.invoke.DirectMethodHandle$Holder.invokeVirtual(java.lang.Object, java.lang.Object, int)'> (0x00000000d5c099c8) 
thrown [s\src\hotspot\share\interpreter\linkResolver.cpp, line 773]
Event: 39.745 Thread 0x000001c999dc8bc0 Exception <a 'java/lang/NoSuchMethodError'{0x00000000d5ccc038}: 'java.lang.Object java.lang.invoke.DirectMethodHandle$Holder.invokeStatic(java.lang.Object, java.lang.Object, int, java.lang.Object)'> (0x00000000d5ccc038) 
thrown [s\src\hotspot\share\interpreter\linkResolver.cpp, line 773]
Event: 39.746 Thread 0x000001c999dc8bc0 Exception <a 'java/lang/NoSuchMethodError'{0x00000000d5cd2748}: 'java.lang.Object java.lang.invoke.DirectMethodHandle$Holder.newInvokeSpecial(java.lang.Object, java.lang.Object, int)'> (0x00000000d5cd2748) 
thrown [s\src\hotspot\share\interpreter\linkResolver.cpp, line 773]
Event: 39.799 Thread 0x000001c999dc8bc0 Exception <a 'java/lang/NoSuchMethodError'{0x00000000d594e548}: 'java.lang.Object java.lang.invoke.DirectMethodHandle$Holder.invokeStatic(java.lang.Object, java.lang.Object, int, int)'> (0x00000000d594e548) 
thrown [s\src\hotspot\share\interpreter\linkResolver.cpp, line 773]
Event: 39.799 Thread 0x000001c999dc8bc0 Exception <a 'java/lang/NoSuchMethodError'{0x00000000d5952698}: 'java.lang.Object java.lang.invoke.DirectMethodHandle$Holder.invokeSpecial(java.lang.Object, java.lang.Object, java.lang.Object, int, int)'> (0x00000000d5952698) 
thrown [s\src\hotspot\share\interpreter\linkResolver.cpp, line 773]
Event: 7130.155 Thread 0x000001c9a11c5ae0 Exception <a 'java/lang/NoSuchMethodError'{0x00000000d5cd49e0}: 'java.lang.Object java.lang.invoke.DirectMethodHandle$Holder.invokeStaticInit(java.lang.Object, java.lang.Object, java.lang.Object)'> (0x00000000d5cd49e0) 
thrown [s\src\hotspot\share\interpreter\linkResolver.cpp, line 773]
Event: 7130.599 Thread 0x000001c9a11c5ae0 Exception <a 'java/lang/IncompatibleClassChangeError'{0x00000000d5824e70}: Found class java.lang.Object, but interface was expected> (0x00000000d5824e70) 
thrown [s\src\hotspot\share\interpreter\linkResolver.cpp, line 840]
Event: 7132.569 Thread 0x000001c9a11c5ae0 Exception <a 'java/lang/NoSuchMethodError'{0x00000000d59d59a0}: 'int java.lang.invoke.DirectMethodHandle$Holder.invokeSpecialIFC(java.lang.Object, java.lang.Object, java.lang.Object)'> (0x00000000d59d59a0) 
thrown [s\src\hotspot\share\interpreter\linkResolver.cpp, line 773]
Event: 7132.579 Thread 0x000001c9a11c5ae0 Implicit null exception at 0x000001c94b35654f to 0x000001c94b356730
Event: 7132.785 Thread 0x000001c9a11c5ae0 Implicit null exception at 0x000001c94b330739 to 0x000001c94b330b9f
Event: 7132.786 Thread 0x000001c9a11c5ae0 Implicit null exception at 0x000001c94aeb61e4 to 0x000001c94aeb6503

ZGC Phase Switch (0 events):
No events

VM Operations (20 events):
Event: 13188.496 Executing safepoint VM operation: Cleanup
Event: 13188.496 Executing safepoint VM operation: Cleanup done
Event: 13231.400 Executing non-safepoint VM operation: HandshakeAllThreads (HandshakeForDeflation)
Event: 13231.400 Executing non-safepoint VM operation: HandshakeAllThreads (HandshakeForDeflation) done
Event: 13231.400 Executing non-safepoint VM operation: RendezvousGCThreads
Event: 13231.400 Executing non-safepoint VM operation: RendezvousGCThreads done
Event: 13291.600 Executing non-safepoint VM operation: HandshakeAllThreads (HandshakeForDeflation)
Event: 13291.600 Executing non-safepoint VM operation: HandshakeAllThreads (HandshakeForDeflation) done
Event: 13291.600 Executing non-safepoint VM operation: RendezvousGCThreads
Event: 13291.600 Executing non-safepoint VM operation: RendezvousGCThreads done
Event: 13342.043 Executing safepoint VM operation: Cleanup
Event: 13342.089 Executing safepoint VM operation: Cleanup done
Event: 13343.096 Executing safepoint VM operation: Cleanup
Event: 13343.096 Executing safepoint VM operation: Cleanup done
Event: 13350.171 Executing safepoint VM operation: Cleanup
Event: 13350.171 Executing safepoint VM operation: Cleanup done
Event: 13411.696 Executing non-safepoint VM operation: HandshakeAllThreads (HandshakeForDeflation)
Event: 13411.696 Executing non-safepoint VM operation: HandshakeAllThreads (HandshakeForDeflation) done
Event: 13411.696 Executing non-safepoint VM operation: RendezvousGCThreads
Event: 13411.696 Executing non-safepoint VM operation: RendezvousGCThreads done

Memory protections (0 events):
No events

Nmethod flushes (20 events):
Event: 39.072 Thread 0x000001c94000e800 flushing  nmethod 0x000001c943ab9090
Event: 39.072 Thread 0x000001c94000e800 flushing  nmethod 0x000001c943aba610
Event: 39.072 Thread 0x000001c94000e800 flushing  nmethod 0x000001c943ac0d10
Event: 39.072 Thread 0x000001c94000e800 flushing  nmethod 0x000001c943adf090
Event: 39.072 Thread 0x000001c94000e800 flushing osr nmethod 0x000001c943b3b910
Event: 39.072 Thread 0x000001c94000e800 flushing  nmethod 0x000001c943b45410
Event: 39.072 Thread 0x000001c94000e800 flushing  nmethod 0x000001c943b47090
Event: 39.072 Thread 0x000001c94000e800 flushing  nmethod 0x000001c943b52f10
Event: 39.072 Thread 0x000001c94000e800 flushing  nmethod 0x000001c943b5c710
Event: 39.072 Thread 0x000001c94000e800 flushing  nmethod 0x000001c943b60e10
Event: 39.072 Thread 0x000001c94000e800 flushing  nmethod 0x000001c943b61c10
Event: 39.072 Thread 0x000001c94000e800 flushing  nmethod 0x000001c943b63090
Event: 39.072 Thread 0x000001c94000e800 flushing  nmethod 0x000001c943b6db90
Event: 39.072 Thread 0x000001c94000e800 flushing  nmethod 0x000001c943b7c790
Event: 39.072 Thread 0x000001c94000e800 flushing  nmethod 0x000001c943b7e190
Event: 39.072 Thread 0x000001c94000e800 flushing  nmethod 0x000001c943b7e790
Event: 39.072 Thread 0x000001c94000e800 flushing  nmethod 0x000001c943b82910
Event: 39.072 Thread 0x000001c94000e800 flushing  nmethod 0x000001c943b82c90
Event: 39.072 Thread 0x000001c94000e800 flushing  nmethod 0x000001c943b87010
Event: 39.072 Thread 0x000001c94000e800 flushing  nmethod 0x000001c943bad710

Events (20 events):
Event: 98.971 Thread 0x000001c9a15490e0 Thread exited: 0x000001c9a15490e0
Event: 100.112 Thread 0x000001c999dc98e0 Thread exited: 0x000001c999dc98e0
Event: 100.112 Thread 0x000001c999dc8bc0 Thread exited: 0x000001c999dc8bc0
Event: 100.112 Thread 0x000001c999dc9250 Thread exited: 0x000001c999dc9250
Event: 158.985 Thread 0x000001c9a1547010 Thread exited: 0x000001c9a1547010
Event: 218.987 Thread 0x000001c9a1549770 Thread exited: 0x000001c9a1549770
Event: 278.997 Thread 0x000001c9a1547d30 Thread exited: 0x000001c9a1547d30
Event: 339.008 Thread 0x000001c9a1549e00 Thread exited: 0x000001c9a1549e00
Event: 399.021 Thread 0x000001c9a15476a0 Thread exited: 0x000001c9a15476a0
Event: 459.033 Thread 0x000001c9a1546980 Thread exited: 0x000001c9a1546980
Event: 7129.620 Thread 0x000001c9a15483c0 Thread added: 0x000001c9a11c5ae0
Event: 7130.345 Thread 0x000001c9a11c5ae0 Thread added: 0x000001c9a11c6800
Event: 7130.348 Thread 0x000001c9a11c5ae0 Thread added: 0x000001c9a11c5450
Event: 7132.006 Thread 0x000001c93ff08ae0 Thread added: 0x000001c9a0704b80
Event: 7132.493 Thread 0x000001c93ff08ae0 Thread added: 0x000001c9a0703040
Event: 7137.806 Thread 0x000001c9a0703040 Thread exited: 0x000001c9a0703040
Event: 7142.811 Thread 0x000001c9a0704b80 Thread exited: 0x000001c9a0704b80
Event: 7192.796 Thread 0x000001c9a11c5ae0 Thread exited: 0x000001c9a11c5ae0
Event: 7252.805 Thread 0x000001c9a11c6800 Thread exited: 0x000001c9a11c6800
Event: 7312.812 Thread 0x000001c9a11c5450 Thread exited: 0x000001c9a11c5450


Dynamic libraries:
0x00007ff76f540000 - 0x00007ff76f54e000 	c:\Users\Asus\.antigravity\extensions\redhat.java-1.53.0-win32-x64\jre\21.0.10-win32-x86_64\bin\java.exe
0x00007ffaf8b40000 - 0x00007ffaf8da7000 	C:\WINDOWS\SYSTEM32\ntdll.dll
0x00007ffaf7e00000 - 0x00007ffaf7ec9000 	C:\WINDOWS\System32\KERNEL32.DLL
0x00007ffaf64e0000 - 0x00007ffaf68d1000 	C:\WINDOWS\System32\KERNELBASE.dll
0x00007ffaf5420000 - 0x00007ffaf556b000 	C:\WINDOWS\System32\ucrtbase.dll
0x00007ffacdb50000 - 0x00007ffacdb68000 	c:\Users\Asus\.antigravity\extensions\redhat.java-1.53.0-win32-x64\jre\21.0.10-win32-x86_64\bin\jli.dll
0x00007ffacdb70000 - 0x00007ffacdb8e000 	c:\Users\Asus\.antigravity\extensions\redhat.java-1.53.0-win32-x64\jre\21.0.10-win32-x86_64\bin\VCRUNTIME140.dll
0x00007ffaf8710000 - 0x00007ffaf88d5000 	C:\WINDOWS\System32\USER32.dll
0x00007ffaf59a0000 - 0x00007ffaf59c7000 	C:\WINDOWS\System32\win32u.dll
0x00007ffaddbf0000 - 0x00007ffadde83000 	C:\WINDOWS\WinSxS\amd64_microsoft.windows.common-controls_6595b64144ccf1df_6.0.26100.8037_none_3e092faae333b53b\COMCTL32.dll
0x00007ffaf7410000 - 0x00007ffaf743b000 	C:\WINDOWS\System32\GDI32.dll
0x00007ffaf6240000 - 0x00007ffaf636b000 	C:\WINDOWS\System32\gdi32full.dll
0x00007ffaf7540000 - 0x00007ffaf75e9000 	C:\WINDOWS\System32\msvcrt.dll
0x00007ffaf6370000 - 0x00007ffaf6413000 	C:\WINDOWS\System32\msvcp_win.dll
0x00007ffaf7dc0000 - 0x00007ffaf7df1000 	C:\WINDOWS\System32\IMM32.DLL
0x00007ffae5310000 - 0x00007ffae531c000 	c:\Users\Asus\.antigravity\extensions\redhat.java-1.53.0-win32-x64\jre\21.0.10-win32-x86_64\bin\vcruntime140_1.dll
0x00007ffabcd20000 - 0x00007ffabcdad000 	c:\Users\Asus\.antigravity\extensions\redhat.java-1.53.0-win32-x64\jre\21.0.10-win32-x86_64\bin\msvcp140.dll
0x00007ffa0f680000 - 0x00007ffa10421000 	c:\Users\Asus\.antigravity\extensions\redhat.java-1.53.0-win32-x64\jre\21.0.10-win32-x86_64\bin\server\jvm.dll
0x00007ffaf68e0000 - 0x00007ffaf699b000 	C:\WINDOWS\System32\ADVAPI32.dll
0x00007ffaf72f0000 - 0x00007ffaf7397000 	C:\WINDOWS\System32\sechost.dll
0x00007ffaf71d0000 - 0x00007ffaf72e8000 	C:\WINDOWS\System32\RPCRT4.dll
0x00007ffaf8040000 - 0x00007ffaf80b4000 	C:\WINDOWS\System32\WS2_32.dll
0x00007ffaf5280000 - 0x00007ffaf52de000 	C:\WINDOWS\SYSTEM32\POWRPROF.dll
0x00007ffae0330000 - 0x00007ffae0365000 	C:\WINDOWS\SYSTEM32\WINMM.dll
0x00007ffae1f00000 - 0x00007ffae1f0b000 	C:\WINDOWS\SYSTEM32\VERSION.dll
0x00007ffaf5260000 - 0x00007ffaf5274000 	C:\WINDOWS\SYSTEM32\UMPDC.dll
0x00007ffaf41b0000 - 0x00007ffaf41cb000 	C:\WINDOWS\SYSTEM32\kernel.appcore.dll
0x00007ffae3150000 - 0x00007ffae315a000 	c:\Users\Asus\.antigravity\extensions\redhat.java-1.53.0-win32-x64\jre\21.0.10-win32-x86_64\bin\jimage.dll
0x00007ffaf32f0000 - 0x00007ffaf3532000 	C:\WINDOWS\SYSTEM32\DBGHELP.DLL
0x00007ffaf7840000 - 0x00007ffaf7bc2000 	C:\WINDOWS\System32\combase.dll
0x00007ffaf7440000 - 0x00007ffaf7517000 	C:\WINDOWS\System32\OLEAUT32.dll
0x00007ffad80b0000 - 0x00007ffad80eb000 	C:\WINDOWS\SYSTEM32\dbgcore.DLL
0x00007ffaf5600000 - 0x00007ffaf56a5000 	C:\WINDOWS\System32\bcryptPrimitives.dll
0x00007ffae1c80000 - 0x00007ffae1c8f000 	c:\Users\Asus\.antigravity\extensions\redhat.java-1.53.0-win32-x64\jre\21.0.10-win32-x86_64\bin\instrument.dll
0x00007ffac3de0000 - 0x00007ffac3e00000 	c:\Users\Asus\.antigravity\extensions\redhat.java-1.53.0-win32-x64\jre\21.0.10-win32-x86_64\bin\java.dll
0x00007ffaf6a30000 - 0x00007ffaf718f000 	C:\WINDOWS\System32\SHELL32.dll
0x00007ffaf5830000 - 0x00007ffaf599a000 	C:\WINDOWS\System32\wintypes.dll
0x00007ffaf59d0000 - 0x00007ffaf6234000 	C:\WINDOWS\System32\windows.storage.dll
0x00007ffaf85c0000 - 0x00007ffaf86b7000 	C:\WINDOWS\System32\SHCORE.dll
0x00007ffaf73a0000 - 0x00007ffaf7407000 	C:\WINDOWS\System32\shlwapi.dll
0x00007ffaf5340000 - 0x00007ffaf5369000 	C:\WINDOWS\SYSTEM32\profapi.dll
0x00007ffac0560000 - 0x00007ffac0578000 	c:\Users\Asus\.antigravity\extensions\redhat.java-1.53.0-win32-x64\jre\21.0.10-win32-x86_64\bin\zip.dll
0x00007fface100000 - 0x00007fface110000 	C:\Users\Asus\.antigravity\extensions\redhat.java-1.53.0-win32-x64\jre\21.0.10-win32-x86_64\bin\net.dll
0x00007ffaeac20000 - 0x00007ffaead47000 	C:\WINDOWS\SYSTEM32\WINHTTP.dll
0x00007ffaf4720000 - 0x00007ffaf478b000 	C:\WINDOWS\system32\mswsock.dll
0x00007ffabf290000 - 0x00007ffabf2a6000 	C:\Users\Asus\.antigravity\extensions\redhat.java-1.53.0-win32-x64\jre\21.0.10-win32-x86_64\bin\nio.dll
0x00007ffacdbf0000 - 0x00007ffacdc00000 	c:\Users\Asus\.antigravity\extensions\redhat.java-1.53.0-win32-x64\jre\21.0.10-win32-x86_64\bin\verify.dll
0x00007ffabccd0000 - 0x00007ffabcd15000 	C:\Users\Asus\AppData\Roaming\Antigravity\User\globalStorage\redhat.java\1.53.0\config_win\org.eclipse.equinox.launcher\org.eclipse.equinox.launcher.win32.win32.x86_64_1.3.0.v20260203-2149\eclipse_11919.dll
0x00007ffaf8960000 - 0x00007ffaf8af5000 	C:\WINDOWS\System32\ole32.dll
0x00007ffaf4a10000 - 0x00007ffaf4a2b000 	C:\WINDOWS\SYSTEM32\CRYPTSP.dll
0x00007ffaf4110000 - 0x00007ffaf4149000 	C:\WINDOWS\system32\rsaenh.dll
0x00007ffaf47d0000 - 0x00007ffaf4802000 	C:\WINDOWS\SYSTEM32\USERENV.dll
0x00007ffaf5310000 - 0x00007ffaf533a000 	C:\WINDOWS\SYSTEM32\bcrypt.dll
0x00007ffaf4a00000 - 0x00007ffaf4a0c000 	C:\WINDOWS\SYSTEM32\CRYPTBASE.dll
0x00007ffaf3c20000 - 0x00007ffaf3c53000 	C:\WINDOWS\SYSTEM32\IPHLPAPI.DLL
0x00007ffaf7bd0000 - 0x00007ffaf7bda000 	C:\WINDOWS\System32\NSI.dll
0x00007ffabcc30000 - 0x00007ffabcc79000 	C:\Users\Asus\AppData\Local\Temp\jna-2050672\jna3137399635122457929.dll
0x00007ffaf75f0000 - 0x00007ffaf75f8000 	C:\WINDOWS\System32\PSAPI.DLL
0x00007ffaec5d0000 - 0x00007ffaec5ed000 	C:\WINDOWS\SYSTEM32\dhcpcsvc6.DLL
0x00007ffaec1c0000 - 0x00007ffaec1e3000 	C:\WINDOWS\SYSTEM32\dhcpcsvc.DLL
0x00007ffacdb40000 - 0x00007ffacdb4e000 	C:\Users\Asus\.antigravity\extensions\redhat.java-1.53.0-win32-x64\jre\21.0.10-win32-x86_64\bin\sunmscapi.dll
0x00007ffaf56b0000 - 0x00007ffaf5827000 	C:\WINDOWS\System32\CRYPT32.dll
0x00007ffaf4c20000 - 0x00007ffaf4c50000 	C:\WINDOWS\SYSTEM32\ncrypt.dll
0x00007ffaf4bd0000 - 0x00007ffaf4c0f000 	C:\WINDOWS\SYSTEM32\NTASN1.dll
0x00007ffaf3c60000 - 0x00007ffaf3d8a000 	C:\WINDOWS\SYSTEM32\DNSAPI.dll
0x00007ffaeada0000 - 0x00007ffaeadab000 	C:\Windows\System32\rasadhlp.dll
0x00007ffaecfd0000 - 0x00007ffaed056000 	C:\WINDOWS\System32\fwpuclnt.dll
0x00007ffacc110000 - 0x00007ffacc119000 	C:\Users\Asus\.antigravity\extensions\redhat.java-1.53.0-win32-x64\jre\21.0.10-win32-x86_64\bin\extnet.dll

JVMTI agents:
c:\Users\Asus\.antigravity\extensions\redhat.java-1.53.0-win32-x64\lombok\lombok-1.18.39-4050.jar path:c:\Users\Asus\.antigravity\extensions\redhat.java-1.53.0-win32-x64\jre\21.0.10-win32-x86_64\bin\instrument.dll, loaded, initialized, instrumentlib options:none

dbghelp: loaded successfully - version: 4.0.5 - missing functions: none
symbol engine: initialized successfully - sym options: 0x614 - pdb path: .;c:\Users\Asus\.antigravity\extensions\redhat.java-1.53.0-win32-x64\jre\21.0.10-win32-x86_64\bin;C:\WINDOWS\SYSTEM32;C:\WINDOWS\WinSxS\amd64_microsoft.windows.common-controls_6595b64144ccf1df_6.0.26100.8037_none_3e092faae333b53b;c:\Users\Asus\.antigravity\extensions\redhat.java-1.53.0-win32-x64\jre\21.0.10-win32-x86_64\bin\server;C:\Users\Asus\AppData\Roaming\Antigravity\User\globalStorage\redhat.java\1.53.0\config_win\org.eclipse.equinox.launcher\org.eclipse.equinox.launcher.win32.win32.x86_64_1.3.0.v20260203-2149;C:\Users\Asus\AppData\Local\Temp\jna-2050672

VM Arguments:
jvm_args: --add-modules=ALL-SYSTEM --add-opens=java.base/java.util=ALL-UNNAMED --add-opens=java.base/java.lang=ALL-UNNAMED --add-opens=java.base/sun.nio.fs=ALL-UNNAMED -Declipse.application=org.eclipse.jdt.ls.core.id1 -Dosgi.bundles.defaultStartLevel=4 -Declipse.product=org.eclipse.jdt.ls.core.product -Djava.import.generatesMetadataFilesAtProjectRoot=false -DDetectVMInstallationsJob.disabled=true -Dfile.encoding=utf8 -XX:+UseParallelGC -XX:GCTimeRatio=4 -XX:AdaptiveSizePolicyWeight=90 -Dsun.zip.disableMemoryMapping=true -Xmx2G -Xms100m -Xlog:disable -javaagent:c:\Users\Asus\.antigravity\extensions\redhat.java-1.53.0-win32-x64\lombok\lombok-1.18.39-4050.jar -XX:+HeapDumpOnOutOfMemoryError -XX:HeapDumpPath=c:\Users\Asus\AppData\Roaming\Antigravity\User\workspaceStorage\08afbf4ab4e0fbca8228431a7a7c4e15\redhat.java -Daether.dependencyCollector.impl=bf 
java_command: c:\Users\Asus\.antigravity\extensions\redhat.java-1.53.0-win32-x64\server\plugins\org.eclipse.equinox.launcher_1.7.100.v20251111-0406.jar -configuration c:\Users\Asus\AppData\Roaming\Antigravity\User\globalStorage\redhat.java\1.53.0\config_win -data c:\Users\Asus\AppData\Roaming\Antigravity\User\workspaceStorage\08afbf4ab4e0fbca8228431a7a7c4e15\redhat.java\jdt_ws --pipe=\\.\pipe\lsp-dd71753865582bec065fa75d2a56e94a-sock
java_class_path (initial): c:\Users\Asus\.antigravity\extensions\redhat.java-1.53.0-win32-x64\server\plugins\org.eclipse.equinox.launcher_1.7.100.v20251111-0406.jar
Launcher Type: SUN_STANDARD

[Global flags]
    uintx AdaptiveSizePolicyWeight                 = 90                                        {product} {command line}
     intx CICompilerCount                          = 4                                         {product} {ergonomic}
    uintx GCTimeRatio                              = 4                                         {product} {command line}
     bool HeapDumpOnOutOfMemoryError               = true                                   {manageable} {command line}
    ccstr HeapDumpPath                             = c:\Users\Asus\AppData\Roaming\Antigravity\User\workspaceStorage\08afbf4ab4e0fbca8228431a7a7c4e15\redhat.java         {manageable} {command line}
   size_t InitialHeapSize                          = 104857600                                 {product} {command line}
   size_t MaxHeapSize                              = 2147483648                                {product} {command line}
   size_t MaxNewSize                               = 715653120                                 {product} {ergonomic}
   size_t MinHeapDeltaBytes                        = 524288                                    {product} {ergonomic}
   size_t MinHeapSize                              = 104857600                                 {product} {command line}
   size_t NewSize                                  = 34603008                                  {product} {ergonomic}
    uintx NonNMethodCodeHeapSize                   = 5839372                                {pd product} {ergonomic}
    uintx NonProfiledCodeHeapSize                  = 122909434                              {pd product} {ergonomic}
   size_t OldSize                                  = 70254592                                  {product} {ergonomic}
    uintx ProfiledCodeHeapSize                     = 122909434                              {pd product} {ergonomic}
    uintx ReservedCodeCacheSize                    = 251658240                              {pd product} {ergonomic}
     bool SegmentedCodeCache                       = true                                      {product} {ergonomic}
   size_t SoftMaxHeapSize                          = 2147483648                             {manageable} {ergonomic}
     bool UseCompressedOops                        = true                           {product lp64_product} {ergonomic}
     bool UseLargePagesIndividualAllocation        = false                                  {pd product} {ergonomic}
     bool UseParallelGC                            = true                                      {product} {command line}

Logging:
Log output configuration:
 #0: stdout all=off uptime,level,tags foldmultilines=false
 #1: stderr all=off uptime,level,tags foldmultilines=false

Release file:
JAVA_VERSION="21.0.10" 
MODULES="java.base java.compiler java.datatransfer java.xml java.prefs java.desktop java.instrument java.logging java.management java.security.sasl java.naming java.rmi java.management.rmi java.net.http java.scripting java.security.jgss java.transaction.xa java.sql java.sql.rowset java.xml.crypto java.se java.smartcardio jdk.accessibility jdk.internal.jvmstat jdk.attach jdk.charsets jdk.internal.opt jdk.zipfs jdk.compiler jdk.crypto.ec jdk.crypto.cryptoki jdk.crypto.mscapi jdk.dynalink jdk.internal.ed jdk.editpad jdk.hotspot.agent jdk.httpserver jdk.internal.le jdk.internal.vm.ci jdk.internal.vm.compiler jdk.internal.vm.compiler.management jdk.jartool jdk.javadoc jdk.jcmd jdk.management jdk.management.agent jdk.jconsole jdk.jdeps jdk.jdwp.agent jdk.jdi jdk.jfr jdk.jshell jdk.jsobject jdk.jstatd jdk.localedata jdk.management.jfr jdk.naming.dns jdk.naming.rmi jdk.net jdk.nio.mapmode jdk.random jdk.sctp jdk.security.auth jdk.security.jgss jdk.unsupported jdk.unsupported.desktop jdk.xml.dom" 

Environment Variables:
JAVA_HOME=C:\Program Files\Java\jdk-17
PATH=C:\Program Files\Java\jdk-17\bin;C:\Program Files\Common Files\Oracle\Java\javapath;C:\WINDOWS\system32;C:\WINDOWS;C:\WINDOWS\System32\Wbem;C:\WINDOWS\System32\WindowsPowerShell\v1.0\;C:\WINDOWS\System32\OpenSSH\;C:\Program Files\dotnet\;C:\Program Files (x86)\Windows Kits\8.1\Windows Performance Toolkit\;C:\Users\Asus\AppData\Local\Programs\Python\Python313\;C:\Program Files\MySQL\MySQL Server 5.5\bin;C:\Program Files\Git\cmd;C:\Program Files\nodejs\;D:\DB\bin;C:\Users\Asus\AppData\Local\Programs\Python\Python311\Scripts\;C:\Users\Asus\AppData\Local\Programs\Python\Python311\;C:\Program Files\MySQL\MySQL Shell 9.4\bin\;C:\Users\Asus\AppData\Local\Programs\Python\Launcher\;C:\Users\Asus\AppData\Local\Microsoft\WindowsApps;C:\MinGW\bin;C:\Program Files\JetBrains\IntelliJ IDEA Community Edition 2025.1.1.1\bin;;D:\Aditya's\JavaLibs\apache-maven-3.9.11\bin;C:\Program Files\Java\jdk-17\bin;C:\Users\Asus\AppData\Roaming\npm;C:\Program Files\JetBrains\IntelliJ IDEA 2025.3.2\bin;D:\Antigravity\bin
USERNAME=Asus
OS=Windows_NT
PROCESSOR_IDENTIFIER=Intel64 Family 6 Model 140 Stepping 1, GenuineIntel
TMP=C:\Users\Asus\AppData\Local\Temp
TEMP=C:\Users\Asus\AppData\Local\Temp




Periodic native trim disabled

---------------  S Y S T E M  ---------------

OS:
 Windows 11 , 64 bit Build 26100 (10.0.26100.7920)
OS uptime: 0 days 4:16 hours
Hyper-V role detected

CPU: total 8 (initial active 8) (4 cores per cpu, 2 threads per core) family 6 model 140 stepping 1 microcode 0xa6, cx8, cmov, fxsr, ht, mmx, 3dnowpref, sse, sse2, sse3, ssse3, sse4.1, sse4.2, popcnt, lzcnt, tsc, tscinvbit, avx, avx2, aes, erms, clmul, bmi1, bmi2, adx, avx512f, avx512dq, avx512cd, avx512bw, avx512vl, sha, fma, vzeroupper, avx512_vpopcntdq, avx512_vpclmulqdq, avx512_vaes, avx512_vnni, clflush, clflushopt, clwb, avx512_vbmi2, avx512_vbmi, hv, rdtscp, rdpid, fsrm, gfni, avx512_bitalg, f16c, cet_ibt, cet_ss, avx512_ifma
Processor Information for processor 0
  Max Mhz: 2419, Current Mhz: 2419, Mhz Limit: 2419
Processor Information for processor 1
  Max Mhz: 2419, Current Mhz: 1007, Mhz Limit: 2419
Processor Information for processor 2
  Max Mhz: 2419, Current Mhz: 2419, Mhz Limit: 2419
Processor Information for processor 3
  Max Mhz: 2419, Current Mhz: 2419, Mhz Limit: 2419
Processor Information for processor 4
  Max Mhz: 2419, Current Mhz: 2419, Mhz Limit: 2419
Processor Information for processor 5
  Max Mhz: 2419, Current Mhz: 2419, Mhz Limit: 2419
Processor Information for processor 6
  Max Mhz: 2419, Current Mhz: 2419, Mhz Limit: 2419
Processor Information for processor 7
  Max Mhz: 2419, Current Mhz: 2419, Mhz Limit: 2419

Memory: 4k page, system-wide physical 16078M (507M free)
TotalPageFile size 27372M (AvailPageFile size 91M)
current process WorkingSet (physical memory assigned to process): 25M, peak: 323M
current process commit charge ("private bytes"): 352M, peak: 397M

vm_info: OpenJDK 64-Bit Server VM (21.0.10+7-LTS) for windows-amd64 JRE (21.0.10+7-LTS), built on 2026-01-20T00:00:00Z by "admin" with MS VC++ 17.12 (VS2022)

END.
