#
# There is insufficient memory for the Java Runtime Environment to continue.
# Native memory allocation (malloc) failed to allocate 1997440 bytes. Error detail: Chunk::new
# Possible reasons:
#   The system is out of physical RAM or swap space
#   This process is running with CompressedOops enabled, and the Java Heap may be blocking the growth of the native heap
# Possible solutions:
#   Reduce memory load on the system
#   Increase physical memory or swap space
#   Check if swap backing store is full
#   Decrease Java heap size (-Xmx/-Xms)
#   Decrease number of Java threads
#   Decrease Java thread stack sizes (-Xss)
#   Set larger code cache with -XX:ReservedCodeCacheSize=
#   JVM is running with Unscaled Compressed Oops mode in which the Java heap is
#     placed in the first 4GB address space. The Java Heap base address is the
#     maximum limit for the native heap growth. Please use -XX:HeapBaseMinAddress
#     to set the Java Heap base and to place the Java Heap above 4GB virtual address.
# This output file may be truncated or incomplete.
#
#  Out of Memory Error (arena.cpp:168), pid=25656, tid=25580
#
# JRE version: OpenJDK Runtime Environment Temurin-21.0.9+10 (21.0.9+10) (build 21.0.9+10-LTS)
# Java VM: OpenJDK 64-Bit Server VM Temurin-21.0.9+10 (21.0.9+10-LTS, mixed mode, sharing, tiered, compressed oops, compressed class ptrs, parallel gc, windows-amd64)
# No core dump will be written. Minidumps are not enabled by default on client versions of Windows
#

---------------  S U M M A R Y ------------

Command Line: --add-modules=ALL-SYSTEM --add-opens=java.base/java.util=ALL-UNNAMED --add-opens=java.base/java.lang=ALL-UNNAMED --add-opens=java.base/sun.nio.fs=ALL-UNNAMED -Declipse.application=org.eclipse.jdt.ls.core.id1 -Dosgi.bundles.defaultStartLevel=4 -Declipse.product=org.eclipse.jdt.ls.core.product -Djava.import.generatesMetadataFilesAtProjectRoot=false -DDetectVMInstallationsJob.disabled=true -Dfile.encoding=utf8 -XX:+UseParallelGC -XX:GCTimeRatio=4 -XX:AdaptiveSizePolicyWeight=90 -Dsun.zip.disableMemoryMapping=true -Xmx2G -Xms100m -Xlog:disable -javaagent:c:\Users\Asus\.antigravity\extensions\redhat.java-1.52.0-win32-x64\lombok\lombok-1.18.39-4050.jar c:\Users\Asus\.antigravity\extensions\redhat.java-1.52.0-win32-x64\server\plugins\org.eclipse.equinox.launcher_1.7.100.v20251111-0406.jar -configuration c:\Users\Asus\AppData\Roaming\Antigravity\User\globalStorage\redhat.java\1.52.0\config_ss_win -data c:\Users\Asus\AppData\Roaming\Antigravity\User\workspaceStorage\08afbf4ab4e0fbca8228431a7a7c4e15\redhat.java\ss_ws --pipe=\\.\pipe\lsp-3b174918d8a420438e00ea3b19ce4f63-sock

Host: 11th Gen Intel(R) Core(TM) i5-1135G7 @ 2.40GHz, 8 cores, 15G,  Windows 11 , 64 bit Build 26100 (10.0.26100.7705)
Time: Sun Mar  1 11:24:14 2026 India Standard Time elapsed time: 5.222727 seconds (0d 0h 0m 5s)

---------------  T H R E A D  ---------------

Current thread (0x00000264710ed580):  JavaThread "C2 CompilerThread1" daemon [_thread_in_native, id=25580, stack(0x000000e9d6000000,0x000000e9d6100000) (1024K)]


Current CompileTask:
C2:5222 2612       4       org.lombokweb.asm.ClassReader::readMethod (1070 bytes)

Stack: [0x000000e9d6000000,0x000000e9d6100000]
Native frames: (J=compiled Java code, j=interpreted, Vv=VM code, C=native code)
V  [jvm.dll+0x6d6e29]
V  [jvm.dll+0x8b4b76]
V  [jvm.dll+0x8b712e]
V  [jvm.dll+0x8b7813]
V  [jvm.dll+0x283d86]
V  [jvm.dll+0xc66ed]
V  [jvm.dll+0xc6c31]
V  [jvm.dll+0x3be53b]
V  [jvm.dll+0x1e3b52]
V  [jvm.dll+0x24c0f3]
V  [jvm.dll+0x24b580]
V  [jvm.dll+0x1cb13e]
V  [jvm.dll+0x25b29d]
V  [jvm.dll+0x25982a]
V  [jvm.dll+0x3f7ea6]
V  [jvm.dll+0x85e9ad]
V  [jvm.dll+0x6d565d]
C  [ucrtbase.dll+0x37b0]
C  [KERNEL32.DLL+0x2e8d7]
C  [ntdll.dll+0x8c40c]


---------------  P R O C E S S  ---------------

Threads class SMR info:
_java_thread_list=0x00000264724119f0, length=20, elements={
0x00000264539fc010, 0x000002645396a1e0, 0x000002645396e1a0, 0x0000026453973590,
0x00000264539792b0, 0x0000026453979f80, 0x000002645397a9d0, 0x000002645397b800,
0x0000026470050130, 0x000002647023ad60, 0x00000264702d6db0, 0x0000026470805c20,
0x0000026470ae5fc0, 0x0000026470ba9a60, 0x0000026470bdcd20, 0x0000026470ef5ea0,
0x000002647111e490, 0x0000026471130f60, 0x00000264710ed580, 0x000002647261d720
}

Java Threads: ( => current thread )
  0x00000264539fc010 JavaThread "main"                              [_thread_blocked, id=12592, stack(0x000000e9d4400000,0x000000e9d4500000) (1024K)]
  0x000002645396a1e0 JavaThread "Reference Handler"          daemon [_thread_blocked, id=1160, stack(0x000000e9d4800000,0x000000e9d4900000) (1024K)]
  0x000002645396e1a0 JavaThread "Finalizer"                  daemon [_thread_blocked, id=30164, stack(0x000000e9d4900000,0x000000e9d4a00000) (1024K)]
  0x0000026453973590 JavaThread "Signal Dispatcher"          daemon [_thread_blocked, id=26756, stack(0x000000e9d4a00000,0x000000e9d4b00000) (1024K)]
  0x00000264539792b0 JavaThread "Attach Listener"            daemon [_thread_blocked, id=23540, stack(0x000000e9d4b00000,0x000000e9d4c00000) (1024K)]
  0x0000026453979f80 JavaThread "Service Thread"             daemon [_thread_blocked, id=28776, stack(0x000000e9d4c00000,0x000000e9d4d00000) (1024K)]
  0x000002645397a9d0 JavaThread "Monitor Deflation Thread"   daemon [_thread_blocked, id=24480, stack(0x000000e9d4d00000,0x000000e9d4e00000) (1024K)]
  0x000002645397b800 JavaThread "C2 CompilerThread0"         daemon [_thread_in_native, id=26172, stack(0x000000e9d4e00000,0x000000e9d4f00000) (1024K)]
  0x0000026470050130 JavaThread "C1 CompilerThread0"         daemon [_thread_in_vm, id=28676, stack(0x000000e9d4f00000,0x000000e9d5000000) (1024K)]
  0x000002647023ad60 JavaThread "Common-Cleaner"             daemon [_thread_blocked, id=25412, stack(0x000000e9d5100000,0x000000e9d5200000) (1024K)]
  0x00000264702d6db0 JavaThread "Notification Thread"        daemon [_thread_blocked, id=27632, stack(0x000000e9d5200000,0x000000e9d5300000) (1024K)]
  0x0000026470805c20 JavaThread "Active Thread: Equinox Container: ac7edd02-a926-4646-8375-7be119d641f1"        [_thread_blocked, id=23856, stack(0x000000e9d5a00000,0x000000e9d5b00000) (1024K)]
  0x0000026470ae5fc0 JavaThread "Framework Event Dispatcher: Equinox Container: ac7edd02-a926-4646-8375-7be119d641f1" daemon [_thread_blocked, id=29528, stack(0x000000e9d5b00000,0x000000e9d5c00000) (1024K)]
  0x0000026470ba9a60 JavaThread "Start Level: Equinox Container: ac7edd02-a926-4646-8375-7be119d641f1" daemon [_thread_in_native, id=16936, stack(0x000000e9d5c00000,0x000000e9d5d00000) (1024K)]
  0x0000026470bdcd20 JavaThread "SCR Component Actor"        daemon [_thread_blocked, id=29284, stack(0x000000e9d5800000,0x000000e9d5900000) (1024K)]
  0x0000026470ef5ea0 JavaThread "Worker-JM"                         [_thread_blocked, id=12208, stack(0x000000e9d5900000,0x000000e9d5a00000) (1024K)]
  0x000002647111e490 JavaThread "Worker-0"                          [_thread_blocked, id=27732, stack(0x000000e9d5e00000,0x000000e9d5f00000) (1024K)]
  0x0000026471130f60 JavaThread "Worker-1"                          [_thread_blocked, id=22876, stack(0x000000e9d5f00000,0x000000e9d6000000) (1024K)]
=>0x00000264710ed580 JavaThread "C2 CompilerThread1"         daemon [_thread_in_native, id=25580, stack(0x000000e9d6000000,0x000000e9d6100000) (1024K)]
  0x000002647261d720 JavaThread "C2 CompilerThread2"         daemon [_thread_blocked, id=27996, stack(0x000000e9d6100000,0x000000e9d6200000) (1024K)]
Total: 20

Other Threads:
  0x0000026453951030 VMThread "VM Thread"                           [id=22904, stack(0x000000e9d4700000,0x000000e9d4800000) (1024K)]
  0x0000026453a67440 WatcherThread "VM Periodic Task Thread"        [id=21172, stack(0x000000e9d4600000,0x000000e9d4700000) (1024K)]
  0x0000026453a1aa80 WorkerThread "GC Thread#0"                     [id=26688, stack(0x000000e9d4500000,0x000000e9d4600000) (1024K)]
  0x00000264709177c0 WorkerThread "GC Thread#1"                     [id=23904, stack(0x000000e9d5000000,0x000000e9d5100000) (1024K)]
  0x0000026470afd620 WorkerThread "GC Thread#2"                     [id=24820, stack(0x000000e9d5300000,0x000000e9d5400000) (1024K)]
  0x0000026470afd9c0 WorkerThread "GC Thread#3"                     [id=18068, stack(0x000000e9d5400000,0x000000e9d5500000) (1024K)]
  0x0000026470afdd60 WorkerThread "GC Thread#4"                     [id=29164, stack(0x000000e9d5500000,0x000000e9d5600000) (1024K)]
  0x0000026470afe100 WorkerThread "GC Thread#5"                     [id=25756, stack(0x000000e9d5600000,0x000000e9d5700000) (1024K)]
  0x0000026470afe4a0 WorkerThread "GC Thread#6"                     [id=19340, stack(0x000000e9d5700000,0x000000e9d5800000) (1024K)]
  0x0000026470b12850 WorkerThread "GC Thread#7"                     [id=9392, stack(0x000000e9d5d00000,0x000000e9d5e00000) (1024K)]
Total: 10

Threads with active compile tasks:
C2 CompilerThread0  5253 2826       4       java.lang.invoke.MethodType::makeImpl (109 bytes)
C2 CompilerThread1  5253 2612       4       org.lombokweb.asm.ClassReader::readMethod (1070 bytes)
Total: 2

VM state: not at safepoint (normal execution)

VM Mutex/Monitor currently owned by a thread: None

Heap address: 0x0000000080000000, size: 2048 MB, Compressed Oops mode: 32-bit

CDS archive(s) mapped at: [0x0000026400000000-0x0000026400ba0000-0x0000026400ba0000), size 12189696, SharedBaseAddress: 0x0000026400000000, ArchiveRelocationMode: 1.
Compressed class space mapped at: 0x0000026401000000-0x0000026441000000, reserved size: 1073741824
Narrow klass base: 0x0000026400000000, Narrow klass shift: 0, Narrow klass range: 0x100000000

GC Precious Log:
 CardTable entry size: 512
 CPUs: 8 total, 8 available
 Memory: 16078M
 Large Page Support: Disabled
 NUMA Support: Disabled
 Compressed Oops: Enabled (32-bit)
 Alignments: Space 512K, Generation 512K, Heap 2M
 Heap Min Capacity: 100M
 Heap Initial Capacity: 100M
 Heap Max Capacity: 2G
 Pre-touch: Disabled
 Parallel Workers: 8

Heap:
 PSYoungGen      total 30720K, used 8247K [0x00000000d5580000, 0x00000000d7900000, 0x0000000100000000)
  eden space 25088K, 32% used [0x00000000d5580000,0x00000000d5d8dfd8,0x00000000d6e00000)
  from space 5632K, 0% used [0x00000000d7380000,0x00000000d7380000,0x00000000d7900000)
  to   space 5632K, 0% used [0x00000000d6e00000,0x00000000d6e00000,0x00000000d7380000)
 ParOldGen       total 68608K, used 10197K [0x0000000080000000, 0x0000000084300000, 0x00000000d5580000)
  object space 68608K, 14% used [0x0000000080000000,0x00000000809f57c8,0x0000000084300000)
 Metaspace       used 22156K, committed 22848K, reserved 1114112K
  class space    used 2119K, committed 2432K, reserved 1048576K

Card table byte_map: [0x00000264533a0000,0x00000264537b0000] _byte_map_base: 0x0000026452fa0000

Marking Bits: (ParMarkBitMap*) 0x00007ffc28832460
 Begin Bits: [0x0000026465eb0000, 0x0000026467eb0000)
 End Bits:   [0x0000026467eb0000, 0x0000026469eb0000)

Polling page: 0x0000026451810000

Metaspace:

Usage:
  Non-class:     19.57 MB used.
      Class:      2.07 MB used.
       Both:     21.64 MB used.

Virtual space:
  Non-class space:       64.00 MB reserved,      19.94 MB ( 31%) committed,  1 nodes.
      Class space:        1.00 GB reserved,       2.38 MB ( <1%) committed,  1 nodes.
             Both:        1.06 GB reserved,      22.31 MB (  2%) committed. 

Chunk freelists:
   Non-Class:  11.86 MB
       Class:  13.47 MB
        Both:  25.33 MB

MaxMetaspaceSize: unlimited
CompressedClassSpaceSize: 1.00 GB
Initial GC threshold: 21.00 MB
Current GC threshold: 35.00 MB
CDS: on
 - commit_granule_bytes: 65536.
 - commit_granule_words: 8192.
 - virtual_space_node_default_size: 8388608.
 - enlarge_chunks_in_place: 1.
 - use_allocation_guard: 0.


Internal statistics:

num_allocs_failed_limit: 3.
num_arena_births: 500.
num_arena_deaths: 14.
num_vsnodes_births: 2.
num_vsnodes_deaths: 0.
num_space_committed: 357.
num_space_uncommitted: 0.
num_chunks_returned_to_freelist: 17.
num_chunks_taken_from_freelist: 1327.
num_chunk_merges: 9.
num_chunk_splits: 865.
num_chunks_enlarged: 560.
num_inconsistent_stats: 0.

CodeHeap 'non-profiled nmethods': size=120000Kb used=1277Kb max_used=1277Kb free=118722Kb
 bounds [0x000002645e6d0000, 0x000002645e940000, 0x0000026465c00000]
CodeHeap 'profiled nmethods': size=120000Kb used=5703Kb max_used=5703Kb free=114296Kb
 bounds [0x0000026456c00000, 0x00000264571a0000, 0x000002645e130000]
CodeHeap 'non-nmethods': size=5760Kb used=1320Kb max_used=1338Kb free=4440Kb
 bounds [0x000002645e130000, 0x000002645e3a0000, 0x000002645e6d0000]
CodeCache: size=245760Kb, used=8300Kb, max_used=8318Kb, free=237458Kb
 total_blobs=3469, nmethods=2875, adapters=500, full_count=0
Compilation: enabled, stopped_count=0, restarted_count=0

Compilation events (20 events):
Event: 5.189 Thread 0x0000026470050130 2865       3       org.eclipse.osgi.storage.bundlefile.ZipBundleFile$1::next (18 bytes)
Event: 5.189 Thread 0x0000026470050130 nmethod 2865 0x000002645717f110 code [0x000002645717f2e0, 0x000002645717f668]
Event: 5.189 Thread 0x0000026470050130 2863       3       org.eclipse.osgi.storage.bundlefile.ZipBundleFile$1::hasNext (10 bytes)
Event: 5.189 Thread 0x0000026470050130 nmethod 2863 0x000002645717f790 code [0x000002645717f940, 0x000002645717fb18]
Event: 5.189 Thread 0x0000026470050130 2864       3       org.eclipse.osgi.storage.bundlefile.ZipBundleFile$1::next (5 bytes)
Event: 5.189 Thread 0x0000026470050130 nmethod 2864 0x000002645717fc10 code [0x000002645717fde0, 0x00000264571801d0]
Event: 5.192 Thread 0x0000026470050130 2869   !   3       org.eclipse.osgi.internal.loader.classpath.ClasspathManager::findClassImpl (328 bytes)
Event: 5.196 Thread 0x0000026470050130 nmethod 2869 0x0000026457180310 code [0x0000026457180d00, 0x0000026457185e58]
Event: 5.197 Thread 0x000002647261d720 2828       4       java.util.HashMap::put (13 bytes)
Event: 5.209 Thread 0x000002647261d720 nmethod 2828 0x000002645e80a210 code [0x000002645e80a460, 0x000002645e80ac88]
Event: 5.209 Thread 0x000002647261d720 2841       4       java.lang.Integer::rotateLeft (9 bytes)
Event: 5.209 Thread 0x000002647261d720 nmethod 2841 0x000002645e80b390 code [0x000002645e80b500, 0x000002645e80b570]
Event: 5.209 Thread 0x000002647261d720 2866       4       java.util.zip.ZipFile::ensureOpen (40 bytes)
Event: 5.210 Thread 0x000002647261d720 nmethod 2866 0x000002645e80b690 code [0x000002645e80b820, 0x000002645e80b8f8]
Event: 5.210 Thread 0x000002647261d720 2867       4       java.util.zip.ZipFile::getZipEntry (322 bytes)
Event: 5.215 Thread 0x0000026470050130 2870       3       java.lang.Character$UnicodeBlock::<init> (17 bytes)
Event: 5.215 Thread 0x0000026470050130 nmethod 2870 0x0000026457187e90 code [0x0000026457188080, 0x00000264571884e0]
Event: 5.215 Thread 0x0000026470050130 2871       3       java.lang.Character$Subset::<init> (24 bytes)
Event: 5.216 Thread 0x0000026470050130 nmethod 2871 0x0000026457188690 code [0x0000026457188840, 0x0000026457188ac8]
Event: 5.220 Thread 0x0000026470050130 2872       3       jdk.internal.org.objectweb.asm.SymbolTable::putBootstrapMethods (56 bytes)

GC Heap History (14 events):
Event: 1.203 GC heap before
{Heap before GC invocations=1 (full 0):
 PSYoungGen      total 29696K, used 25600K [0x00000000d5580000, 0x00000000d7680000, 0x0000000100000000)
  eden space 25600K, 100% used [0x00000000d5580000,0x00000000d6e80000,0x00000000d6e80000)
  from space 4096K, 0% used [0x00000000d7280000,0x00000000d7280000,0x00000000d7680000)
  to   space 4096K, 0% used [0x00000000d6e80000,0x00000000d6e80000,0x00000000d7280000)
 ParOldGen       total 68608K, used 0K [0x0000000080000000, 0x0000000084300000, 0x00000000d5580000)
  object space 68608K, 0% used [0x0000000080000000,0x0000000080000000,0x0000000084300000)
 Metaspace       used 4344K, committed 4608K, reserved 1114112K
  class space    used 472K, committed 576K, reserved 1048576K
}
Event: 1.216 GC heap after
{Heap after GC invocations=1 (full 0):
 PSYoungGen      total 29696K, used 3303K [0x00000000d5580000, 0x00000000d7680000, 0x0000000100000000)
  eden space 25600K, 0% used [0x00000000d5580000,0x00000000d5580000,0x00000000d6e80000)
  from space 4096K, 80% used [0x00000000d6e80000,0x00000000d71b9e98,0x00000000d7280000)
  to   space 4096K, 0% used [0x00000000d7280000,0x00000000d7280000,0x00000000d7680000)
 ParOldGen       total 68608K, used 0K [0x0000000080000000, 0x0000000084300000, 0x00000000d5580000)
  object space 68608K, 0% used [0x0000000080000000,0x0000000080000000,0x0000000084300000)
 Metaspace       used 4344K, committed 4608K, reserved 1114112K
  class space    used 472K, committed 576K, reserved 1048576K
}
Event: 2.200 GC heap before
{Heap before GC invocations=2 (full 0):
 PSYoungGen      total 29696K, used 28903K [0x00000000d5580000, 0x00000000d7680000, 0x0000000100000000)
  eden space 25600K, 100% used [0x00000000d5580000,0x00000000d6e80000,0x00000000d6e80000)
  from space 4096K, 80% used [0x00000000d6e80000,0x00000000d71b9e98,0x00000000d7280000)
  to   space 4096K, 0% used [0x00000000d7280000,0x00000000d7280000,0x00000000d7680000)
 ParOldGen       total 68608K, used 0K [0x0000000080000000, 0x0000000084300000, 0x00000000d5580000)
  object space 68608K, 0% used [0x0000000080000000,0x0000000080000000,0x0000000084300000)
 Metaspace       used 8119K, committed 8384K, reserved 1114112K
  class space    used 865K, committed 960K, reserved 1048576K
}
Event: 2.206 GC heap after
{Heap after GC invocations=2 (full 0):
 PSYoungGen      total 29696K, used 4093K [0x00000000d5580000, 0x00000000d7680000, 0x0000000100000000)
  eden space 25600K, 0% used [0x00000000d5580000,0x00000000d5580000,0x00000000d6e80000)
  from space 4096K, 99% used [0x00000000d7280000,0x00000000d767f680,0x00000000d7680000)
  to   space 4096K, 0% used [0x00000000d6e80000,0x00000000d6e80000,0x00000000d7280000)
 ParOldGen       total 68608K, used 1094K [0x0000000080000000, 0x0000000084300000, 0x00000000d5580000)
  object space 68608K, 1% used [0x0000000080000000,0x0000000080111830,0x0000000084300000)
 Metaspace       used 8119K, committed 8384K, reserved 1114112K
  class space    used 865K, committed 960K, reserved 1048576K
}
Event: 3.566 GC heap before
{Heap before GC invocations=3 (full 0):
 PSYoungGen      total 29696K, used 29693K [0x00000000d5580000, 0x00000000d7680000, 0x0000000100000000)
  eden space 25600K, 100% used [0x00000000d5580000,0x00000000d6e80000,0x00000000d6e80000)
  from space 4096K, 99% used [0x00000000d7280000,0x00000000d767f680,0x00000000d7680000)
  to   space 4096K, 0% used [0x00000000d6e80000,0x00000000d6e80000,0x00000000d7280000)
 ParOldGen       total 68608K, used 1094K [0x0000000080000000, 0x0000000084300000, 0x00000000d5580000)
  object space 68608K, 1% used [0x0000000080000000,0x0000000080111830,0x0000000084300000)
 Metaspace       used 12986K, committed 13504K, reserved 1114112K
  class space    used 1375K, committed 1600K, reserved 1048576K
}
Event: 3.570 GC heap after
{Heap after GC invocations=3 (full 0):
 PSYoungGen      total 29696K, used 4080K [0x00000000d5580000, 0x00000000d7680000, 0x0000000100000000)
  eden space 25600K, 0% used [0x00000000d5580000,0x00000000d5580000,0x00000000d6e80000)
  from space 4096K, 99% used [0x00000000d6e80000,0x00000000d727c030,0x00000000d7280000)
  to   space 4096K, 0% used [0x00000000d7280000,0x00000000d7280000,0x00000000d7680000)
 ParOldGen       total 68608K, used 2929K [0x0000000080000000, 0x0000000084300000, 0x00000000d5580000)
  object space 68608K, 4% used [0x0000000080000000,0x00000000802dc4e0,0x0000000084300000)
 Metaspace       used 12986K, committed 13504K, reserved 1114112K
  class space    used 1375K, committed 1600K, reserved 1048576K
}
Event: 4.339 GC heap before
{Heap before GC invocations=4 (full 0):
 PSYoungGen      total 29696K, used 29680K [0x00000000d5580000, 0x00000000d7680000, 0x0000000100000000)
  eden space 25600K, 100% used [0x00000000d5580000,0x00000000d6e80000,0x00000000d6e80000)
  from space 4096K, 99% used [0x00000000d6e80000,0x00000000d727c030,0x00000000d7280000)
  to   space 4096K, 0% used [0x00000000d7280000,0x00000000d7280000,0x00000000d7680000)
 ParOldGen       total 68608K, used 2929K [0x0000000080000000, 0x0000000084300000, 0x00000000d5580000)
  object space 68608K, 4% used [0x0000000080000000,0x00000000802dc4e0,0x0000000084300000)
 Metaspace       used 15945K, committed 16576K, reserved 1114112K
  class space    used 1663K, committed 1920K, reserved 1048576K
}
Event: 4.342 GC heap after
{Heap after GC invocations=4 (full 0):
 PSYoungGen      total 29696K, used 4087K [0x00000000d5580000, 0x00000000d7680000, 0x0000000100000000)
  eden space 25600K, 0% used [0x00000000d5580000,0x00000000d5580000,0x00000000d6e80000)
  from space 4096K, 99% used [0x00000000d7280000,0x00000000d767dcd8,0x00000000d7680000)
  to   space 4096K, 0% used [0x00000000d6e80000,0x00000000d6e80000,0x00000000d7280000)
 ParOldGen       total 68608K, used 5242K [0x0000000080000000, 0x0000000084300000, 0x00000000d5580000)
  object space 68608K, 7% used [0x0000000080000000,0x000000008051eb60,0x0000000084300000)
 Metaspace       used 15945K, committed 16576K, reserved 1114112K
  class space    used 1663K, committed 1920K, reserved 1048576K
}
Event: 4.711 GC heap before
{Heap before GC invocations=5 (full 0):
 PSYoungGen      total 29696K, used 29687K [0x00000000d5580000, 0x00000000d7680000, 0x0000000100000000)
  eden space 25600K, 100% used [0x00000000d5580000,0x00000000d6e80000,0x00000000d6e80000)
  from space 4096K, 99% used [0x00000000d7280000,0x00000000d767dcd8,0x00000000d7680000)
  to   space 4096K, 0% used [0x00000000d6e80000,0x00000000d6e80000,0x00000000d7280000)
 ParOldGen       total 68608K, used 5242K [0x0000000080000000, 0x0000000084300000, 0x00000000d5580000)
  object space 68608K, 7% used [0x0000000080000000,0x000000008051eb60,0x0000000084300000)
 Metaspace       used 20149K, committed 20800K, reserved 1114112K
  class space    used 1969K, committed 2240K, reserved 1048576K
}
Event: 4.718 GC heap after
{Heap after GC invocations=5 (full 0):
 PSYoungGen      total 29184K, used 4072K [0x00000000d5580000, 0x00000000d7900000, 0x0000000100000000)
  eden space 25088K, 0% used [0x00000000d5580000,0x00000000d5580000,0x00000000d6e00000)
  from space 4096K, 99% used [0x00000000d6e80000,0x00000000d727a378,0x00000000d7280000)
  to   space 5632K, 0% used [0x00000000d7380000,0x00000000d7380000,0x00000000d7900000)
 ParOldGen       total 68608K, used 6249K [0x0000000080000000, 0x0000000084300000, 0x00000000d5580000)
  object space 68608K, 9% used [0x0000000080000000,0x000000008061a660,0x0000000084300000)
 Metaspace       used 20149K, committed 20800K, reserved 1114112K
  class space    used 1969K, committed 2240K, reserved 1048576K
}
Event: 4.970 GC heap before
{Heap before GC invocations=6 (full 0):
 PSYoungGen      total 29184K, used 23468K [0x00000000d5580000, 0x00000000d7900000, 0x0000000100000000)
  eden space 25088K, 77% used [0x00000000d5580000,0x00000000d6870d38,0x00000000d6e00000)
  from space 4096K, 99% used [0x00000000d6e80000,0x00000000d727a378,0x00000000d7280000)
  to   space 5632K, 0% used [0x00000000d7380000,0x00000000d7380000,0x00000000d7900000)
 ParOldGen       total 68608K, used 6249K [0x0000000080000000, 0x0000000084300000, 0x00000000d5580000)
  object space 68608K, 9% used [0x0000000080000000,0x000000008061a660,0x0000000084300000)
 Metaspace       used 20901K, committed 21504K, reserved 1114112K
  class space    used 2010K, committed 2304K, reserved 1048576K
}
Event: 4.973 GC heap after
{Heap after GC invocations=6 (full 0):
 PSYoungGen      total 30720K, used 5441K [0x00000000d5580000, 0x00000000d7900000, 0x0000000100000000)
  eden space 25088K, 0% used [0x00000000d5580000,0x00000000d5580000,0x00000000d6e00000)
  from space 5632K, 96% used [0x00000000d7380000,0x00000000d78d04a8,0x00000000d7900000)
  to   space 5632K, 0% used [0x00000000d6e00000,0x00000000d6e00000,0x00000000d7380000)
 ParOldGen       total 68608K, used 7030K [0x0000000080000000, 0x0000000084300000, 0x00000000d5580000)
  object space 68608K, 10% used [0x0000000080000000,0x00000000806ddb70,0x0000000084300000)
 Metaspace       used 20901K, committed 21504K, reserved 1114112K
  class space    used 2010K, committed 2304K, reserved 1048576K
}
Event: 4.973 GC heap before
{Heap before GC invocations=7 (full 1):
 PSYoungGen      total 30720K, used 5441K [0x00000000d5580000, 0x00000000d7900000, 0x0000000100000000)
  eden space 25088K, 0% used [0x00000000d5580000,0x00000000d5580000,0x00000000d6e00000)
  from space 5632K, 96% used [0x00000000d7380000,0x00000000d78d04a8,0x00000000d7900000)
  to   space 5632K, 0% used [0x00000000d6e00000,0x00000000d6e00000,0x00000000d7380000)
 ParOldGen       total 68608K, used 7030K [0x0000000080000000, 0x0000000084300000, 0x00000000d5580000)
  object space 68608K, 10% used [0x0000000080000000,0x00000000806ddb70,0x0000000084300000)
 Metaspace       used 20901K, committed 21504K, reserved 1114112K
  class space    used 2010K, committed 2304K, reserved 1048576K
}
Event: 5.000 GC heap after
{Heap after GC invocations=7 (full 1):
 PSYoungGen      total 30720K, used 0K [0x00000000d5580000, 0x00000000d7900000, 0x0000000100000000)
  eden space 25088K, 0% used [0x00000000d5580000,0x00000000d5580000,0x00000000d6e00000)
  from space 5632K, 0% used [0x00000000d7380000,0x00000000d7380000,0x00000000d7900000)
  to   space 5632K, 0% used [0x00000000d6e00000,0x00000000d6e00000,0x00000000d7380000)
 ParOldGen       total 68608K, used 10197K [0x0000000080000000, 0x0000000084300000, 0x00000000d5580000)
  object space 68608K, 14% used [0x0000000080000000,0x00000000809f57c8,0x0000000084300000)
 Metaspace       used 20888K, committed 21504K, reserved 1114112K
  class space    used 2006K, committed 2304K, reserved 1048576K
}

Dll operation events (9 events):
Event: 0.022 Loaded shared library c:\Users\Asus\.antigravity\extensions\redhat.java-1.52.0-win32-x64\jre\21.0.9-win32-x86_64\bin\java.dll
Event: 0.155 Loaded shared library c:\Users\Asus\.antigravity\extensions\redhat.java-1.52.0-win32-x64\jre\21.0.9-win32-x86_64\bin\zip.dll
Event: 0.182 Loaded shared library C:\Users\Asus\.antigravity\extensions\redhat.java-1.52.0-win32-x64\jre\21.0.9-win32-x86_64\bin\instrument.dll
Event: 0.187 Loaded shared library C:\Users\Asus\.antigravity\extensions\redhat.java-1.52.0-win32-x64\jre\21.0.9-win32-x86_64\bin\net.dll
Event: 0.189 Loaded shared library C:\Users\Asus\.antigravity\extensions\redhat.java-1.52.0-win32-x64\jre\21.0.9-win32-x86_64\bin\nio.dll
Event: 0.203 Loaded shared library C:\Users\Asus\.antigravity\extensions\redhat.java-1.52.0-win32-x64\jre\21.0.9-win32-x86_64\bin\zip.dll
Event: 0.226 Loaded shared library C:\Users\Asus\.antigravity\extensions\redhat.java-1.52.0-win32-x64\jre\21.0.9-win32-x86_64\bin\jimage.dll
Event: 0.372 Loaded shared library c:\Users\Asus\.antigravity\extensions\redhat.java-1.52.0-win32-x64\jre\21.0.9-win32-x86_64\bin\verify.dll
Event: 2.123 Loaded shared library C:\Users\Asus\AppData\Roaming\Antigravity\User\globalStorage\redhat.java\1.52.0\config_ss_win\org.eclipse.equinox.launcher\org.eclipse.equinox.launcher.win32.win32.x86_64_1.2.1500.v20260121-1430\eclipse_11919.dll

Deoptimization events (20 events):
Event: 5.072 Thread 0x0000026470ba9a60 Uncommon trap: trap_request=0xffffffc6 fr.pc=0x000002645e787194 relative=0x0000000000000a94
Event: 5.072 Thread 0x0000026470ba9a60 Uncommon trap: reason=bimorphic_or_optimized_type_check action=maybe_recompile pc=0x000002645e787194 method=java.util.HashMap.putVal(ILjava/lang/Object;Ljava/lang/Object;ZZ)Ljava/lang/Object; @ 56 c2
Event: 5.072 Thread 0x0000026470ba9a60 DEOPT PACKING pc=0x000002645e787194 sp=0x000000e9d5cfdd80
Event: 5.072 Thread 0x0000026470ba9a60 DEOPT UNPACKING pc=0x000002645e186da2 sp=0x000000e9d5cfdc80 mode 2
Event: 5.072 Thread 0x0000026470ba9a60 Uncommon trap: trap_request=0xffffffc6 fr.pc=0x000002645e787194 relative=0x0000000000000a94
Event: 5.072 Thread 0x0000026470ba9a60 Uncommon trap: reason=bimorphic_or_optimized_type_check action=maybe_recompile pc=0x000002645e787194 method=java.util.HashMap.putVal(ILjava/lang/Object;Ljava/lang/Object;ZZ)Ljava/lang/Object; @ 56 c2
Event: 5.072 Thread 0x0000026470ba9a60 DEOPT PACKING pc=0x000002645e787194 sp=0x000000e9d5cfdd80
Event: 5.072 Thread 0x0000026470ba9a60 DEOPT UNPACKING pc=0x000002645e186da2 sp=0x000000e9d5cfdc80 mode 2
Event: 5.072 Thread 0x0000026470ba9a60 Uncommon trap: trap_request=0xffffffc6 fr.pc=0x000002645e787194 relative=0x0000000000000a94
Event: 5.072 Thread 0x0000026470ba9a60 Uncommon trap: reason=bimorphic_or_optimized_type_check action=maybe_recompile pc=0x000002645e787194 method=java.util.HashMap.putVal(ILjava/lang/Object;Ljava/lang/Object;ZZ)Ljava/lang/Object; @ 56 c2
Event: 5.072 Thread 0x0000026470ba9a60 DEOPT PACKING pc=0x000002645e787194 sp=0x000000e9d5cfdd80
Event: 5.072 Thread 0x0000026470ba9a60 DEOPT UNPACKING pc=0x000002645e186da2 sp=0x000000e9d5cfdc80 mode 2
Event: 5.072 Thread 0x0000026470ba9a60 Uncommon trap: trap_request=0xffffffc6 fr.pc=0x000002645e787194 relative=0x0000000000000a94
Event: 5.072 Thread 0x0000026470ba9a60 Uncommon trap: reason=bimorphic_or_optimized_type_check action=maybe_recompile pc=0x000002645e787194 method=java.util.HashMap.putVal(ILjava/lang/Object;Ljava/lang/Object;ZZ)Ljava/lang/Object; @ 56 c2
Event: 5.072 Thread 0x0000026470ba9a60 DEOPT PACKING pc=0x000002645e787194 sp=0x000000e9d5cfdd80
Event: 5.072 Thread 0x0000026470ba9a60 DEOPT UNPACKING pc=0x000002645e186da2 sp=0x000000e9d5cfdc80 mode 2
Event: 5.091 Thread 0x0000026470ba9a60 Uncommon trap: trap_request=0xffffff45 fr.pc=0x000002645e800350 relative=0x00000000000008d0
Event: 5.091 Thread 0x0000026470ba9a60 Uncommon trap: reason=unstable_if action=reinterpret pc=0x000002645e800350 method=java.util.regex.Pattern$BmpCharPropertyGreedy.match(Ljava/util/regex/Matcher;ILjava/lang/CharSequence;)Z @ 12 c2
Event: 5.091 Thread 0x0000026470ba9a60 DEOPT PACKING pc=0x000002645e800350 sp=0x000000e9d5cfd8c0
Event: 5.091 Thread 0x0000026470ba9a60 DEOPT UNPACKING pc=0x000002645e186da2 sp=0x000000e9d5cfd7a8 mode 2

Classes loaded (20 events):
Event: 5.170 Loading class java/nio/file/DirectoryStream$Filter done
Event: 5.170 Loading class java/nio/file/Files$AcceptAllFilter done
Event: 5.170 Loading class sun/nio/fs/WindowsDirectoryStream
Event: 5.170 Loading class java/nio/file/DirectoryStream
Event: 5.170 Loading class java/nio/file/DirectoryStream done
Event: 5.170 Loading class sun/nio/fs/WindowsDirectoryStream done
Event: 5.171 Loading class sun/nio/fs/WindowsDirectoryStream$WindowsDirectoryIterator
Event: 5.171 Loading class sun/nio/fs/WindowsDirectoryStream$WindowsDirectoryIterator done
Event: 5.171 Loading class sun/nio/fs/WindowsPath$WindowsPathWithAttributes
Event: 5.171 Loading class sun/nio/fs/BasicFileAttributesHolder
Event: 5.171 Loading class sun/nio/fs/BasicFileAttributesHolder done
Event: 5.171 Loading class sun/nio/fs/WindowsPath$WindowsPathWithAttributes done
Event: 5.175 Loading class sun/security/provider/AbstractDrbg$NonceProvider
Event: 5.175 Loading class sun/security/provider/AbstractDrbg$NonceProvider done
Event: 5.200 Loading class java/util/DualPivotQuicksort
Event: 5.201 Loading class java/util/DualPivotQuicksort done
Event: 5.205 Loading class java/lang/Character$UnicodeBlock
Event: 5.206 Loading class java/lang/Character$Subset
Event: 5.206 Loading class java/lang/Character$Subset done
Event: 5.208 Loading class java/lang/Character$UnicodeBlock done

Classes unloaded (7 events):
Event: 4.976 Thread 0x0000026453951030 Unloading class 0x0000026401191400 'java/lang/invoke/LambdaForm$MH+0x0000026401191400'
Event: 4.976 Thread 0x0000026453951030 Unloading class 0x0000026401191000 'java/lang/invoke/LambdaForm$MH+0x0000026401191000'
Event: 4.976 Thread 0x0000026453951030 Unloading class 0x0000026401190c00 'java/lang/invoke/LambdaForm$MH+0x0000026401190c00'
Event: 4.976 Thread 0x0000026453951030 Unloading class 0x0000026401190800 'java/lang/invoke/LambdaForm$MH+0x0000026401190800'
Event: 4.976 Thread 0x0000026453951030 Unloading class 0x0000026401190400 'java/lang/invoke/LambdaForm$BMH+0x0000026401190400'
Event: 4.976 Thread 0x0000026453951030 Unloading class 0x0000026401190000 'java/lang/invoke/LambdaForm$DMH+0x0000026401190000'
Event: 4.976 Thread 0x0000026453951030 Unloading class 0x000002640118ec00 'java/lang/invoke/LambdaForm$DMH+0x000002640118ec00'

Classes redefined (0 events):
No events

Internal exceptions (20 events):
Event: 4.053 Thread 0x0000026470ba9a60 Exception <a 'java/lang/NoSuchMethodError'{0x00000000d5e07ff8}: 'java.lang.Object java.lang.invoke.DirectMethodHandle$Holder.newInvokeSpecial(java.lang.Object, java.lang.Object, java.lang.Object, long)'> (0x00000000d5e07ff8) 
thrown [s\src\hotspot\share\interpreter\linkResolver.cpp, line 773]
Event: 4.054 Thread 0x0000026470ba9a60 Exception <a 'java/lang/NoSuchMethodError'{0x00000000d5e0c3a8}: 'java.lang.Object java.lang.invoke.DirectMethodHandle$Holder.invokeSpecial(java.lang.Object, java.lang.Object, java.lang.Object, java.lang.Object, long)'> (0x00000000d5e0c3a8) 
thrown [s\src\hotspot\share\interpreter\linkResolver.cpp, line 773]
Event: 4.055 Thread 0x0000026470ba9a60 Exception <a 'java/lang/NoSuchMethodError'{0x00000000d5e0ffc8}: 'java.lang.Object java.lang.invoke.Invokers$Holder.linkToTargetMethod(java.lang.Object, java.lang.Object, long, java.lang.Object)'> (0x00000000d5e0ffc8) 
thrown [s\src\hotspot\share\interpreter\linkResolver.cpp, line 773]
Event: 4.069 Thread 0x0000026470ba9a60 Exception <a 'java/lang/NoSuchMethodError'{0x00000000d5e82c00}: 'int java.lang.invoke.DirectMethodHandle$Holder.invokeStaticInit(java.lang.Object, java.lang.Object, java.lang.Object)'> (0x00000000d5e82c00) 
thrown [s\src\hotspot\share\interpreter\linkResolver.cpp, line 773]
Event: 4.090 Thread 0x0000026470ba9a60 Exception <a 'java/lang/IncompatibleClassChangeError'{0x00000000d5f1fb20}: Found class java.lang.Object, but interface was expected> (0x00000000d5f1fb20) 
thrown [s\src\hotspot\share\interpreter\linkResolver.cpp, line 840]
Event: 4.091 Thread 0x0000026470ba9a60 Exception <a 'java/lang/NoSuchMethodError'{0x00000000d5f236d0}: 'java.lang.Object java.lang.invoke.DirectMethodHandle$Holder.invokeSpecial(java.lang.Object, java.lang.Object, java.lang.Object, int, java.lang.Object, java.lang.Object)'> (0x00000000d5f236d0) 
thrown [s\src\hotspot\share\interpreter\linkResolver.cpp, line 773]
Event: 4.092 Thread 0x0000026470ba9a60 Exception <a 'java/lang/NoSuchMethodError'{0x00000000d5f2b1a8}: 'java.lang.Object java.lang.invoke.DirectMethodHandle$Holder.newInvokeSpecial(java.lang.Object, java.lang.Object, java.lang.Object, int, java.lang.Object)'> (0x00000000d5f2b1a8) 
thrown [s\src\hotspot\share\interpreter\linkResolver.cpp, line 773]
Event: 4.092 Thread 0x0000026470ba9a60 Exception <a 'java/lang/NoSuchMethodError'{0x00000000d5f2f128}: 'java.lang.Object java.lang.invoke.DirectMethodHandle$Holder.invokeSpecial(java.lang.Object, java.lang.Object, java.lang.Object, java.lang.Object, int, java.lang.Object)'> (0x00000000d5f2f128) 
thrown [s\src\hotspot\share\interpreter\linkResolver.cpp, line 773]
Event: 4.092 Thread 0x0000026470ba9a60 Exception <a 'java/lang/NoSuchMethodError'{0x00000000d5f32c68}: 'java.lang.Object java.lang.invoke.Invokers$Holder.linkToTargetMethod(java.lang.Object, java.lang.Object, int, java.lang.Object, java.lang.Object)'> (0x00000000d5f32c68) 
thrown [s\src\hotspot\share\interpreter\linkResolver.cpp, line 773]
Event: 4.093 Thread 0x000002647111e490 Exception <a 'java/lang/NoSuchMethodError'{0x00000000d5e677c8}: 'java.lang.Object java.lang.invoke.DirectMethodHandle$Holder.invokeSpecial(java.lang.Object, java.lang.Object, int, java.lang.Object, java.lang.Object)'> (0x00000000d5e677c8) 
thrown [s\src\hotspot\share\interpreter\linkResolver.cpp, line 773]
Event: 4.093 Thread 0x000002647111e490 Exception <a 'java/lang/NoSuchMethodError'{0x00000000d5e6e500}: 'java.lang.Object java.lang.invoke.DirectMethodHandle$Holder.newInvokeSpecial(java.lang.Object, java.lang.Object, int, java.lang.Object)'> (0x00000000d5e6e500) 
thrown [s\src\hotspot\share\interpreter\linkResolver.cpp, line 773]
Event: 4.094 Thread 0x000002647111e490 Exception <a 'java/lang/NoSuchMethodError'{0x00000000d5e71de0}: 'java.lang.Object java.lang.invoke.DirectMethodHandle$Holder.invokeSpecial(java.lang.Object, java.lang.Object, java.lang.Object, int, java.lang.Object)'> (0x00000000d5e71de0) 
thrown [s\src\hotspot\share\interpreter\linkResolver.cpp, line 773]
Event: 4.123 Thread 0x0000026470ba9a60 Exception <a 'java/lang/NoSuchMethodError'{0x00000000d6085758}: 'void java.lang.invoke.DirectMethodHandle$Holder.invokeSpecial(java.lang.Object, java.lang.Object, java.lang.Object, java.lang.Object, java.lang.Object)'> (0x00000000d6085758) 
thrown [s\src\hotspot\share\interpreter\linkResolver.cpp, line 773]
Event: 4.187 Thread 0x0000026470ba9a60 Exception <a 'java/lang/NoSuchMethodError'{0x00000000d628e7f0}: 'double java.lang.invoke.DirectMethodHandle$Holder.invokeStatic(java.lang.Object, java.lang.Object)'> (0x00000000d628e7f0) 
thrown [s\src\hotspot\share\interpreter\linkResolver.cpp, line 773]
Event: 4.188 Thread 0x0000026470ba9a60 Exception <a 'java/lang/NoSuchMethodError'{0x00000000d6291eb0}: 'double java.lang.invoke.DirectMethodHandle$Holder.invokeStaticInit(java.lang.Object, java.lang.Object)'> (0x00000000d6291eb0) 
thrown [s\src\hotspot\share\interpreter\linkResolver.cpp, line 773]
Event: 4.595 Thread 0x0000026470ba9a60 Implicit null exception at 0x000002645e7eccf5 to 0x000002645e7ece08
Event: 5.032 Thread 0x0000026470ba9a60 Exception <a 'java/lang/NoSuchMethodError'{0x00000000d56834d0}: 'java.lang.Object java.lang.invoke.DirectMethodHandle$Holder.newInvokeSpecial(java.lang.Object, int, java.lang.Object, java.lang.Object)'> (0x00000000d56834d0) 
thrown [s\src\hotspot\share\interpreter\linkResolver.cpp, line 773]
Event: 5.083 Thread 0x0000026470ba9a60 Exception <a 'sun/nio/fs/WindowsException'{0x00000000d586eb58}> (0x00000000d586eb58) 
thrown [s\src\hotspot\share\prims\jni.cpp, line 520]
Event: 5.140 Thread 0x0000026470ba9a60 Exception <a 'java/lang/NoSuchMethodError'{0x00000000d5a3c2b8}: 'java.lang.Object java.lang.invoke.DirectMethodHandle$Holder.invokeStaticInit(java.lang.Object, int, int, int, int)'> (0x00000000d5a3c2b8) 
thrown [s\src\hotspot\share\interpreter\linkResolver.cpp, line 773]
Event: 5.173 Thread 0x0000026470ba9a60 Exception <a 'java/lang/NoSuchMethodError'{0x00000000d5ad5c18}: 'java.lang.Object java.lang.invoke.DirectMethodHandle$Holder.invokeStaticInit(java.lang.Object, java.lang.Object, int, int, int, int)'> (0x00000000d5ad5c18) 
thrown [s\src\hotspot\share\interpreter\linkResolver.cpp, line 773]

ZGC Phase Switch (0 events):
No events

VM Operations (20 events):
Event: 3.256 Executing VM operation: Cleanup
Event: 3.256 Executing VM operation: Cleanup done
Event: 3.566 Executing VM operation: ParallelGCFailedAllocation (Allocation Failure)
Event: 3.570 Executing VM operation: ParallelGCFailedAllocation (Allocation Failure) done
Event: 3.820 Executing VM operation: HandshakeAllThreads (Deoptimize)
Event: 3.820 Executing VM operation: HandshakeAllThreads (Deoptimize) done
Event: 3.826 Executing VM operation: HandshakeAllThreads (Deoptimize)
Event: 3.826 Executing VM operation: HandshakeAllThreads (Deoptimize) done
Event: 3.888 Executing VM operation: HandshakeAllThreads (Deoptimize)
Event: 3.888 Executing VM operation: HandshakeAllThreads (Deoptimize) done
Event: 4.339 Executing VM operation: ParallelGCFailedAllocation (Allocation Failure)
Event: 4.342 Executing VM operation: ParallelGCFailedAllocation (Allocation Failure) done
Event: 4.711 Executing VM operation: ParallelGCFailedAllocation (Allocation Failure)
Event: 4.718 Executing VM operation: ParallelGCFailedAllocation (Allocation Failure) done
Event: 4.970 Executing VM operation: CollectForMetadataAllocation (Metadata GC Threshold)
Event: 5.000 Executing VM operation: CollectForMetadataAllocation (Metadata GC Threshold) done
Event: 5.071 Executing VM operation: HandshakeAllThreads (Deoptimize)
Event: 5.071 Executing VM operation: HandshakeAllThreads (Deoptimize) done
Event: 5.192 Executing VM operation: HandshakeAllThreads (Deoptimize)
Event: 5.192 Executing VM operation: HandshakeAllThreads (Deoptimize) done

Memory protections (0 events):
No events

Nmethod flushes (0 events):
No events

Events (20 events):
Event: 1.153 Thread 0x00000264700fdaf0 Thread exited: 0x00000264700fdaf0
Event: 1.376 Thread 0x0000026470050130 Thread added: 0x000002647079fbf0
Event: 1.440 Thread 0x000002647079fbf0 Thread added: 0x000002647053e6b0
Event: 1.803 Thread 0x00000264539fc010 Thread added: 0x0000026470805c20
Event: 2.107 Thread 0x00000264539fc010 Thread added: 0x0000026470ae5fc0
Event: 2.111 Thread 0x00000264539fc010 Thread added: 0x0000026470ba9a60
Event: 2.302 Thread 0x000002647053e6b0 Thread exited: 0x000002647053e6b0
Event: 2.325 Thread 0x000002647079fbf0 Thread exited: 0x000002647079fbf0
Event: 2.544 Thread 0x0000026470ba9a60 Thread added: 0x0000026470bdcd20
Event: 2.892 Thread 0x0000026470050130 Thread added: 0x0000026470b3d7b0
Event: 2.892 Thread 0x0000026470050130 Thread added: 0x0000026470b3de50
Event: 3.027 Thread 0x0000026470b3de50 Thread exited: 0x0000026470b3de50
Event: 3.232 Thread 0x0000026470b3d7b0 Thread exited: 0x0000026470b3d7b0
Event: 3.300 Thread 0x0000026470ba9a60 Thread added: 0x0000026470ef5ea0
Event: 4.060 Thread 0x0000026470ba9a60 Thread added: 0x000002647111e490
Event: 4.094 Thread 0x0000026470ba9a60 Thread added: 0x0000026471130f60
Event: 4.323 Thread 0x0000026470050130 Thread added: 0x00000264710ed580
Event: 4.964 Thread 0x0000026470ba9a60 Thread added: 0x000002647205fc70
Event: 5.122 Thread 0x000002647205fc70 Thread exited: 0x000002647205fc70
Event: 5.196 Thread 0x0000026470050130 Thread added: 0x000002647261d720


Dynamic libraries:
0x00007ff7247e0000 - 0x00007ff7247ee000 	c:\Users\Asus\.antigravity\extensions\redhat.java-1.52.0-win32-x64\jre\21.0.9-win32-x86_64\bin\java.exe
0x00007ffcbc620000 - 0x00007ffcbc888000 	C:\WINDOWS\SYSTEM32\ntdll.dll
0x00007ffcbaf50000 - 0x00007ffcbb019000 	C:\WINDOWS\System32\KERNEL32.DLL
0x00007ffcb9330000 - 0x00007ffcb9721000 	C:\WINDOWS\System32\KERNELBASE.dll
0x00007ffcb8f90000 - 0x00007ffcb90db000 	C:\WINDOWS\System32\ucrtbase.dll
0x00007ffc89da0000 - 0x00007ffc89db8000 	c:\Users\Asus\.antigravity\extensions\redhat.java-1.52.0-win32-x64\jre\21.0.9-win32-x86_64\bin\jli.dll
0x00007ffcbb9b0000 - 0x00007ffcbbb76000 	C:\WINDOWS\System32\USER32.dll
0x00007ffcb9300000 - 0x00007ffcb9327000 	C:\WINDOWS\System32\win32u.dll
0x00007ffcbaf00000 - 0x00007ffcbaf2b000 	C:\WINDOWS\System32\GDI32.dll
0x00007ffcb9fa0000 - 0x00007ffcba0cb000 	C:\WINDOWS\System32\gdi32full.dll
0x00007ffcb9250000 - 0x00007ffcb92f3000 	C:\WINDOWS\System32\msvcp_win.dll
0x00007ffc7eca0000 - 0x00007ffc7ecbe000 	c:\Users\Asus\.antigravity\extensions\redhat.java-1.52.0-win32-x64\jre\21.0.9-win32-x86_64\bin\VCRUNTIME140.dll
0x00007ffca0680000 - 0x00007ffca0913000 	C:\WINDOWS\WinSxS\amd64_microsoft.windows.common-controls_6595b64144ccf1df_6.0.26100.7824_none_3e0870b2e3345462\COMCTL32.dll
0x00007ffcbbe30000 - 0x00007ffcbbed9000 	C:\WINDOWS\System32\msvcrt.dll
0x00007ffcba7c0000 - 0x00007ffcba7f1000 	C:\WINDOWS\System32\IMM32.DLL
0x00007ffca7b20000 - 0x00007ffca7b2c000 	c:\Users\Asus\.antigravity\extensions\redhat.java-1.52.0-win32-x64\jre\21.0.9-win32-x86_64\bin\vcruntime140_1.dll
0x00007ffc4d310000 - 0x00007ffc4d39d000 	c:\Users\Asus\.antigravity\extensions\redhat.java-1.52.0-win32-x64\jre\21.0.9-win32-x86_64\bin\msvcp140.dll
0x00007ffc27b70000 - 0x00007ffc28910000 	c:\Users\Asus\.antigravity\extensions\redhat.java-1.52.0-win32-x64\jre\21.0.9-win32-x86_64\bin\server\jvm.dll
0x00007ffcbbee0000 - 0x00007ffcbbf94000 	C:\WINDOWS\System32\ADVAPI32.dll
0x00007ffcbc030000 - 0x00007ffcbc0d6000 	C:\WINDOWS\System32\sechost.dll
0x00007ffcbb050000 - 0x00007ffcbb168000 	C:\WINDOWS\System32\RPCRT4.dll
0x00007ffcba740000 - 0x00007ffcba7b4000 	C:\WINDOWS\System32\WS2_32.dll
0x00007ffcb8d60000 - 0x00007ffcb8dbe000 	C:\WINDOWS\SYSTEM32\POWRPROF.dll
0x00007ffca0ce0000 - 0x00007ffca0d15000 	C:\WINDOWS\SYSTEM32\WINMM.dll
0x00007ffca6370000 - 0x00007ffca637b000 	C:\WINDOWS\SYSTEM32\VERSION.dll
0x00007ffcb8d40000 - 0x00007ffcb8d54000 	C:\WINDOWS\SYSTEM32\UMPDC.dll
0x00007ffcb7ca0000 - 0x00007ffcb7cbb000 	C:\WINDOWS\SYSTEM32\kernel.appcore.dll
0x00007ffc9f930000 - 0x00007ffc9f93a000 	c:\Users\Asus\.antigravity\extensions\redhat.java-1.52.0-win32-x64\jre\21.0.9-win32-x86_64\bin\jimage.dll
0x00007ffcb6b90000 - 0x00007ffcb6dd2000 	C:\WINDOWS\SYSTEM32\DBGHELP.DLL
0x00007ffcbaab0000 - 0x00007ffcbae36000 	C:\WINDOWS\System32\combase.dll
0x00007ffcbb170000 - 0x00007ffcbb247000 	C:\WINDOWS\System32\OLEAUT32.dll
0x00007ffc9bf80000 - 0x00007ffc9bfbb000 	C:\WINDOWS\SYSTEM32\dbgcore.DLL
0x00007ffcba310000 - 0x00007ffcba3b5000 	C:\WINDOWS\System32\bcryptPrimitives.dll
0x00007ffc9c8a0000 - 0x00007ffc9c8af000 	c:\Users\Asus\.antigravity\extensions\redhat.java-1.52.0-win32-x64\jre\21.0.9-win32-x86_64\bin\instrument.dll
0x00007ffc7e8d0000 - 0x00007ffc7e8f0000 	c:\Users\Asus\.antigravity\extensions\redhat.java-1.52.0-win32-x64\jre\21.0.9-win32-x86_64\bin\java.dll
0x00007ffcbb250000 - 0x00007ffcbb9a2000 	C:\WINDOWS\System32\SHELL32.dll
0x00007ffcb90e0000 - 0x00007ffcb924a000 	C:\WINDOWS\System32\wintypes.dll
0x00007ffcb9730000 - 0x00007ffcb9f93000 	C:\WINDOWS\System32\windows.storage.dll
0x00007ffcba450000 - 0x00007ffcba546000 	C:\WINDOWS\System32\SHCORE.dll
0x00007ffcbc570000 - 0x00007ffcbc5d7000 	C:\WINDOWS\System32\shlwapi.dll
0x00007ffcb8e20000 - 0x00007ffcb8e49000 	C:\WINDOWS\SYSTEM32\profapi.dll
0x00007ffc7e8b0000 - 0x00007ffc7e8c8000 	c:\Users\Asus\.antigravity\extensions\redhat.java-1.52.0-win32-x64\jre\21.0.9-win32-x86_64\bin\zip.dll
0x00007ffc98740000 - 0x00007ffc98750000 	C:\Users\Asus\.antigravity\extensions\redhat.java-1.52.0-win32-x64\jre\21.0.9-win32-x86_64\bin\net.dll
0x00007ffcae110000 - 0x00007ffcae237000 	C:\WINDOWS\SYSTEM32\WINHTTP.dll
0x00007ffcb8210000 - 0x00007ffcb827b000 	C:\WINDOWS\system32\mswsock.dll
0x00007ffc7cea0000 - 0x00007ffc7ceb6000 	C:\Users\Asus\.antigravity\extensions\redhat.java-1.52.0-win32-x64\jre\21.0.9-win32-x86_64\bin\nio.dll
0x00007ffc983a0000 - 0x00007ffc983b0000 	c:\Users\Asus\.antigravity\extensions\redhat.java-1.52.0-win32-x64\jre\21.0.9-win32-x86_64\bin\verify.dll
0x00007ffc730a0000 - 0x00007ffc730e5000 	C:\Users\Asus\AppData\Roaming\Antigravity\User\globalStorage\redhat.java\1.52.0\config_ss_win\org.eclipse.equinox.launcher\org.eclipse.equinox.launcher.win32.win32.x86_64_1.2.1500.v20260121-1430\eclipse_11919.dll
0x00007ffcba800000 - 0x00007ffcba997000 	C:\WINDOWS\System32\ole32.dll
0x00007ffcb84e0000 - 0x00007ffcb84fb000 	C:\WINDOWS\SYSTEM32\CRYPTSP.dll
0x00007ffcb7c00000 - 0x00007ffcb7c39000 	C:\WINDOWS\system32\rsaenh.dll
0x00007ffcb82c0000 - 0x00007ffcb82eb000 	C:\WINDOWS\SYSTEM32\USERENV.dll
0x00007ffcb8df0000 - 0x00007ffcb8e1a000 	C:\WINDOWS\SYSTEM32\bcrypt.dll
0x00007ffcb8500000 - 0x00007ffcb850c000 	C:\WINDOWS\SYSTEM32\CRYPTBASE.dll
0x00007ffcb76d0000 - 0x00007ffcb7704000 	C:\WINDOWS\SYSTEM32\IPHLPAPI.DLL
0x00007ffcbaaa0000 - 0x00007ffcbaaaa000 	C:\WINDOWS\System32\NSI.dll

JVMTI agents:
c:\Users\Asus\.antigravity\extensions\redhat.java-1.52.0-win32-x64\lombok\lombok-1.18.39-4050.jar path:c:\Users\Asus\.antigravity\extensions\redhat.java-1.52.0-win32-x64\jre\21.0.9-win32-x86_64\bin\instrument.dll, loaded, initialized, instrumentlib options:none

dbghelp: loaded successfully - version: 4.0.5 - missing functions: none
symbol engine: initialized successfully - sym options: 0x614 - pdb path: .;c:\Users\Asus\.antigravity\extensions\redhat.java-1.52.0-win32-x64\jre\21.0.9-win32-x86_64\bin;C:\WINDOWS\SYSTEM32;C:\WINDOWS\WinSxS\amd64_microsoft.windows.common-controls_6595b64144ccf1df_6.0.26100.7824_none_3e0870b2e3345462;c:\Users\Asus\.antigravity\extensions\redhat.java-1.52.0-win32-x64\jre\21.0.9-win32-x86_64\bin\server;C:\Users\Asus\AppData\Roaming\Antigravity\User\globalStorage\redhat.java\1.52.0\config_ss_win\org.eclipse.equinox.launcher\org.eclipse.equinox.launcher.win32.win32.x86_64_1.2.1500.v20260121-1430

VM Arguments:
jvm_args: --add-modules=ALL-SYSTEM --add-opens=java.base/java.util=ALL-UNNAMED --add-opens=java.base/java.lang=ALL-UNNAMED --add-opens=java.base/sun.nio.fs=ALL-UNNAMED -Declipse.application=org.eclipse.jdt.ls.core.id1 -Dosgi.bundles.defaultStartLevel=4 -Declipse.product=org.eclipse.jdt.ls.core.product -Djava.import.generatesMetadataFilesAtProjectRoot=false -DDetectVMInstallationsJob.disabled=true -Dfile.encoding=utf8 -XX:+UseParallelGC -XX:GCTimeRatio=4 -XX:AdaptiveSizePolicyWeight=90 -Dsun.zip.disableMemoryMapping=true -Xmx2G -Xms100m -Xlog:disable -javaagent:c:\Users\Asus\.antigravity\extensions\redhat.java-1.52.0-win32-x64\lombok\lombok-1.18.39-4050.jar 
java_command: c:\Users\Asus\.antigravity\extensions\redhat.java-1.52.0-win32-x64\server\plugins\org.eclipse.equinox.launcher_1.7.100.v20251111-0406.jar -configuration c:\Users\Asus\AppData\Roaming\Antigravity\User\globalStorage\redhat.java\1.52.0\config_ss_win -data c:\Users\Asus\AppData\Roaming\Antigravity\User\workspaceStorage\08afbf4ab4e0fbca8228431a7a7c4e15\redhat.java\ss_ws --pipe=\\.\pipe\lsp-3b174918d8a420438e00ea3b19ce4f63-sock
java_class_path (initial): c:\Users\Asus\.antigravity\extensions\redhat.java-1.52.0-win32-x64\server\plugins\org.eclipse.equinox.launcher_1.7.100.v20251111-0406.jar
Launcher Type: SUN_STANDARD

[Global flags]
    uintx AdaptiveSizePolicyWeight                 = 90                                        {product} {command line}
     intx CICompilerCount                          = 4                                         {product} {ergonomic}
    uintx GCTimeRatio                              = 4                                         {product} {command line}
   size_t InitialHeapSize                          = 104857600                                 {product} {command line}
   size_t MaxHeapSize                              = 2147483648                                {product} {command line}
   size_t MaxNewSize                               = 715653120                                 {product} {ergonomic}
   size_t MinHeapDeltaBytes                        = 524288                                    {product} {ergonomic}
   size_t MinHeapSize                              = 104857600                                 {product} {command line}
   size_t NewSize                                  = 34603008                                  {product} {ergonomic}
    uintx NonNMethodCodeHeapSize                   = 5839372                                {pd product} {ergonomic}
    uintx NonProfiledCodeHeapSize                  = 122909434                              {pd product} {ergonomic}
   size_t OldSize                                  = 70254592                                  {product} {ergonomic}
    uintx ProfiledCodeHeapSize                     = 122909434                              {pd product} {ergonomic}
    uintx ReservedCodeCacheSize                    = 251658240                              {pd product} {ergonomic}
     bool SegmentedCodeCache                       = true                                      {product} {ergonomic}
   size_t SoftMaxHeapSize                          = 2147483648                             {manageable} {ergonomic}
     bool UseCompressedOops                        = true                           {product lp64_product} {ergonomic}
     bool UseLargePagesIndividualAllocation        = false                                  {pd product} {ergonomic}
     bool UseParallelGC                            = true                                      {product} {command line}

Logging:
Log output configuration:
 #0: stdout all=off uptime,level,tags foldmultilines=false
 #1: stderr all=off uptime,level,tags foldmultilines=false

Release file:
JAVA_VERSION="21.0.9" 
MODULES="java.base java.compiler java.datatransfer java.xml java.prefs java.desktop java.instrument java.logging java.management java.security.sasl java.naming java.rmi java.management.rmi java.net.http java.scripting java.security.jgss java.transaction.xa java.sql java.sql.rowset java.xml.crypto java.se java.smartcardio jdk.accessibility jdk.internal.jvmstat jdk.attach jdk.charsets jdk.internal.opt jdk.zipfs jdk.compiler jdk.crypto.ec jdk.crypto.cryptoki jdk.crypto.mscapi jdk.dynalink jdk.internal.ed jdk.editpad jdk.hotspot.agent jdk.httpserver jdk.internal.le jdk.internal.vm.ci jdk.internal.vm.compiler jdk.internal.vm.compiler.management jdk.jartool jdk.javadoc jdk.jcmd jdk.management jdk.management.agent jdk.jconsole jdk.jdeps jdk.jdwp.agent jdk.jdi jdk.jfr jdk.jshell jdk.jsobject jdk.jstatd jdk.localedata jdk.management.jfr jdk.naming.dns jdk.naming.rmi jdk.net jdk.nio.mapmode jdk.random jdk.sctp jdk.security.auth jdk.security.jgss jdk.unsupported jdk.unsupported.desktop jdk.xml.dom" 

Environment Variables:
JAVA_HOME=C:\Program Files\Java\jdk-17
PATH=C:\Program Files\Java\jdk-17\bin;C:\Program Files\Common Files\Oracle\Java\javapath;C:\WINDOWS\system32;C:\WINDOWS;C:\WINDOWS\System32\Wbem;C:\WINDOWS\System32\WindowsPowerShell\v1.0\;C:\WINDOWS\System32\OpenSSH\;C:\Program Files\dotnet\;C:\Program Files (x86)\Windows Kits\8.1\Windows Performance Toolkit\;C:\Users\Asus\AppData\Local\Programs\Python\Python313\;C:\Program Files\MySQL\MySQL Server 5.5\bin;C:\Program Files\Git\cmd;C:\Program Files\cursor\resources\app\bin;C:\Program Files\nodejs\;D:\DB\bin;C:\Program Files\MySQL\MySQL Shell 9.4\bin\;C:\Users\Asus\AppData\Local\Programs\Python\Launcher\;C:\Users\Asus\AppData\Local\Microsoft\WindowsApps;C:\MinGW\bin;C:\Program Files\JetBrains\IntelliJ IDEA Community Edition 2025.1.1.1\bin;;D:\Aditya's\JavaLibs\apache-maven-3.9.11\bin;C:\Program Files\Java\jdk-17\bin;C:\Users\Asus\AppData\Roaming\npm;C:\Program Files\JetBrains\IntelliJ IDEA 2025.3.2\bin
USERNAME=Asus
OS=Windows_NT
PROCESSOR_IDENTIFIER=Intel64 Family 6 Model 140 Stepping 1, GenuineIntel
TMP=C:\Users\Asus\AppData\Local\Temp
TEMP=C:\Users\Asus\AppData\Local\Temp




Periodic native trim disabled

---------------  S Y S T E M  ---------------

OS:
 Windows 11 , 64 bit Build 26100 (10.0.26100.7705)
OS uptime: 0 days 12:22 hours
Hyper-V role detected

CPU: total 8 (initial active 8) (4 cores per cpu, 2 threads per core) family 6 model 140 stepping 1 microcode 0xa6, cx8, cmov, fxsr, ht, mmx, 3dnowpref, sse, sse2, sse3, ssse3, sse4.1, sse4.2, popcnt, lzcnt, tsc, tscinvbit, avx, avx2, aes, erms, clmul, bmi1, bmi2, adx, avx512f, avx512dq, avx512cd, avx512bw, avx512vl, sha, fma, vzeroupper, avx512_vpopcntdq, avx512_vpclmulqdq, avx512_vaes, avx512_vnni, clflush, clflushopt, clwb, avx512_vbmi2, avx512_vbmi, hv, rdtscp, rdpid, fsrm, gfni, avx512_bitalg, f16c, cet_ibt, cet_ss, avx512_ifma
Processor Information for the first 8 processors :
  Max Mhz: 2419, Current Mhz: 2419, Mhz Limit: 2419

Memory: 4k page, system-wide physical 16078M (723M free)
TotalPageFile size 29957M (AvailPageFile size 9M)
current process WorkingSet (physical memory assigned to process): 164M, peak: 166M
current process commit charge ("private bytes"): 299M, peak: 302M

vm_info: OpenJDK 64-Bit Server VM (21.0.9+10-LTS) for windows-amd64 JRE (21.0.9+10-LTS), built on 2025-10-21T00:00:00Z by "admin" with unknown MS VC++:1942

END.
